Using pre-set license
Built from '2021.3/staging' branch; Version is '2021.3.19f1 (c9714fde33b6) revision 13201743'; Using compiler version '192829333'; Build Type 'Release'
OS: 'Windows 11  (10.0.22631) 64bit Professional' Language: 'en' Physical Memory: 32522 MB
BatchMode: 1, IsHumanControllingUs: 0, StartBugReporterOnCrash: 0, Is64bit: 1, IsPro: 1

COMMAND LINE ARGUMENTS:
C:\Program Files\Unity 2021.3.19f1\Editor\Unity.exe
-adb2
-batchMode
-noUpm
-name
AssetImportWorker7
-projectPath
C:/Users/Dakota/Outbreak-VR
-logFile
Logs/AssetImportWorker7.log
-srvPort
61522
Successfully changed project path to: C:/Users/Dakota/Outbreak-VR
C:/Users/Dakota/Outbreak-VR
[UnityMemory] Configuration Parameters - Can be set up in boot.config
    "memorysetup-bucket-allocator-granularity=16"
    "memorysetup-bucket-allocator-bucket-count=8"
    "memorysetup-bucket-allocator-block-size=33554432"
    "memorysetup-bucket-allocator-block-count=8"
    "memorysetup-main-allocator-block-size=16777216"
    "memorysetup-thread-allocator-block-size=16777216"
    "memorysetup-gfx-main-allocator-block-size=16777216"
    "memorysetup-gfx-thread-allocator-block-size=16777216"
    "memorysetup-cache-allocator-block-size=4194304"
    "memorysetup-typetree-allocator-block-size=2097152"
    "memorysetup-profiler-bucket-allocator-granularity=16"
    "memorysetup-profiler-bucket-allocator-bucket-count=8"
    "memorysetup-profiler-bucket-allocator-block-size=33554432"
    "memorysetup-profiler-bucket-allocator-block-count=8"
    "memorysetup-profiler-allocator-block-size=16777216"
    "memorysetup-profiler-editor-allocator-block-size=1048576"
    "memorysetup-temp-allocator-size-main=16777216"
    "memorysetup-job-temp-allocator-block-size=2097152"
    "memorysetup-job-temp-allocator-block-size-background=1048576"
    "memorysetup-job-temp-allocator-reduction-small-platforms=262144"
    "memorysetup-temp-allocator-size-background-worker=32768"
    "memorysetup-temp-allocator-size-job-worker=262144"
    "memorysetup-temp-allocator-size-preload-manager=33554432"
    "memorysetup-temp-allocator-size-nav-mesh-worker=65536"
    "memorysetup-temp-allocator-size-audio-worker=65536"
    "memorysetup-temp-allocator-size-cloud-worker=32768"
    "memorysetup-temp-allocator-size-gi-baking-worker=262144"
    "memorysetup-temp-allocator-size-gfx=262144"
Player connection [60564] Host "[IP] 192.168.1.129 [Port] 0 [Flags] 2 [Guid] 3022985712 [EditorId] 3022985712 [Version] 1048832 [Id] WindowsEditor(7,Swizops-101617) [Debug] 1 [PackageName] WindowsEditor [ProjectName] Editor" joined multi-casting on [225.0.0.222:54997]...

Player connection [60564] Host "[IP] 192.168.1.129 [Port] 0 [Flags] 2 [Guid] 3022985712 [EditorId] 3022985712 [Version] 1048832 [Id] WindowsEditor(7,Swizops-101617) [Debug] 1 [PackageName] WindowsEditor [ProjectName] Editor" joined alternative multi-casting on [225.0.0.222:34997]...

Refreshing native plugins compatible for Editor in 72.25 ms, found 4 plugins.
Preloading 0 native plugins for Editor in 0.00 ms.
Initialize engine version: 2021.3.19f1 (c9714fde33b6)
[Subsystems] Discovering subsystems at path C:/Program Files/Unity 2021.3.19f1/Editor/Data/Resources/UnitySubsystems
[Subsystems] Discovering subsystems at path C:/Users/Dakota/Outbreak-VR/Assets
GfxDevice: creating device client; threaded=0; jobified=0
Direct3D:
    Version:  Direct3D 11.0 [level 11.1]
    Renderer: NVIDIA GeForce RTX 4080 (ID=0x2704)
    Vendor:   NVIDIA
    VRAM:     16050 MB
    Driver:   32.0.15.7216
Initialize mono
Mono path[0] = 'C:/Program Files/Unity 2021.3.19f1/Editor/Data/Managed'
Mono path[1] = 'C:/Program Files/Unity 2021.3.19f1/Editor/Data/MonoBleedingEdge/lib/mono/unityjit-win32'
Mono config path = 'C:/Program Files/Unity 2021.3.19f1/Editor/Data/MonoBleedingEdge/etc'
Using monoOptions --debugger-agent=transport=dt_socket,embedding=1,server=y,suspend=n,address=127.0.0.1:56576
Begin MonoManager ReloadAssembly
Registering precompiled unity dll's ...
Register platform support module: C:/Program Files/Unity 2021.3.19f1/Editor/Data/PlaybackEngines/WindowsStandaloneSupport/UnityEditor.WindowsStandalone.Extensions.dll
Registered in 0.001955 seconds.
Native extension for WindowsStandalone target not found
Refreshing native plugins compatible for Editor in 67.52 ms, found 4 plugins.
Preloading 0 native plugins for Editor in 0.00 ms.
Mono: successfully reloaded assembly
- Completed reload, in  0.391 seconds
Domain Reload Profiling:
	ReloadAssembly (392ms)
		BeginReloadAssembly (41ms)
			ExecutionOrderSort (0ms)
			DisableScriptedObjects (0ms)
			BackupInstance (0ms)
			ReleaseScriptingObjects (0ms)
			CreateAndSetChildDomain (0ms)
		EndReloadAssembly (291ms)
			LoadAssemblies (39ms)
			RebuildTransferFunctionScriptingTraits (0ms)
			SetupTypeCache (59ms)
			ReleaseScriptCaches (0ms)
			RebuildScriptCaches (18ms)
			SetupLoadedEditorAssemblies (180ms)
				LogAssemblyErrors (0ms)
				InitializePlatformSupportModulesInManaged (4ms)
				SetLoadedEditorAssemblies (0ms)
				RefreshPlugins (68ms)
				BeforeProcessingInitializeOnLoad (1ms)
				ProcessInitializeOnLoadAttributes (82ms)
				ProcessInitializeOnLoadMethodAttributes (25ms)
				AfterProcessingInitializeOnLoad (0ms)
				EditorAssembliesLoaded (0ms)
			ExecutionOrderSort2 (0ms)
			AwakeInstancesAfterBackupRestoration (0ms)
Platform modules already initialized, skipping
Registering precompiled user dll's ...
Registered in 0.002849 seconds.
Begin MonoManager ReloadAssembly
Symbol file LoadedFromMemory doesn't match image C:\Users\Dakota\Outbreak-VR\Library\PackageCache\com.unity.visualscripting@1.8.0\Editor\VisualScripting.Core\Dependencies\YamlDotNet\Unity.VisualScripting.YamlDotNet.dll
Symbol file LoadedFromMemory doesn't match image C:\Users\Dakota\Outbreak-VR\Library\PackageCache\com.unity.visualscripting@1.8.0\Editor\VisualScripting.Core\Dependencies\DotNetZip\Unity.VisualScripting.IonicZip.dll
Native extension for WindowsStandalone target not found
Refreshing native plugins compatible for Editor in 70.64 ms, found 4 plugins.
Preloading 0 native plugins for Editor in 0.00 ms.
Package Manager log level set to [2]
Mono: successfully reloaded assembly
- Completed reload, in  0.760 seconds
Domain Reload Profiling:
	ReloadAssembly (761ms)
		BeginReloadAssembly (59ms)
			ExecutionOrderSort (0ms)
			DisableScriptedObjects (4ms)
			BackupInstance (0ms)
			ReleaseScriptingObjects (0ms)
			CreateAndSetChildDomain (11ms)
		EndReloadAssembly (630ms)
			LoadAssemblies (47ms)
			RebuildTransferFunctionScriptingTraits (0ms)
			SetupTypeCache (160ms)
			ReleaseScriptCaches (0ms)
			RebuildScriptCaches (39ms)
			SetupLoadedEditorAssemblies (348ms)
				LogAssemblyErrors (0ms)
				InitializePlatformSupportModulesInManaged (3ms)
				SetLoadedEditorAssemblies (0ms)
				RefreshPlugins (71ms)
				BeforeProcessingInitializeOnLoad (61ms)
				ProcessInitializeOnLoadAttributes (169ms)
				ProcessInitializeOnLoadMethodAttributes (41ms)
				AfterProcessingInitializeOnLoad (4ms)
				EditorAssembliesLoaded (0ms)
			ExecutionOrderSort2 (0ms)
			AwakeInstancesAfterBackupRestoration (3ms)
Platform modules already initialized, skipping
========================================================================
Worker process is ready to serve import requests
Launched and connected shader compiler UnityShaderCompiler.exe after 0.03 seconds
Refreshing native plugins compatible for Editor in 2.10 ms, found 4 plugins.
Preloading 0 native plugins for Editor in 0.00 ms.
Unloading 4644 Unused Serialized files (Serialized files now loaded: 0)
Unloading 50 unused Assets / (2.0 MB). Loaded Objects now: 5097.
Memory consumption went from 210.4 MB to 208.4 MB.
Total: 3.470500 ms (FindLiveObjects: 0.300200 ms CreateObjectMapping: 0.119200 ms MarkObjects: 2.611000 ms  DeleteObjects: 0.438700 ms)

AssetImportParameters requested are different than current active one (requested -> active):
  custom:video-decoder-ogg-theora: a1e56fd34408186e4bbccfd4996cb3dc -> 
  custom:container-muxer-webm: aa71ff27fc2769a1b78a27578f13a17b -> 
  custom:container-demuxer-webm: 4f35f7cbe854078d1ac9338744f61a02 -> 
  custom:video-encoder-webm-vp8: eb34c28f22e8b96e1ab97ce403110664 -> 
  custom:video-codec-MediaFoundation-h265: 746d11721c4dcdbdad8f713fa42b33f4 -> 
  custom:audio-encoder-webm-vorbis: bf7c407c2cedff20999df2af8eb42d56 -> 
  custom:framework-win-MediaFoundation: 216162199b28c13a410421893ffa2e32 -> 
  custom:container-demuxer-ogg: 62fdf1f143b41e24485cea50d1cbac27 -> 
  custom:video-decoder-webm-vp8: 9c59270c3fd7afecdb556c50c9e8de78 -> 
  custom:audio-decoder-ogg-vorbis: bf7c407c2cedff20999df2af8eb42d56 -> 
========================================================================
Received Import Request.
  Time since last request: 112842.206634 seconds.
  path: Assets/ScifiFacility/Materials/Base_Metal_Alloy.mat
  artifactKey: Guid(6aeece2f77b771947818e4e34cbcaebe) Importer(815301076,1909f56bfc062723c751e8b465ee728b)
Start importing Assets/ScifiFacility/Materials/Base_Metal_Alloy.mat using Guid(6aeece2f77b771947818e4e34cbcaebe) Importer(815301076,1909f56bfc062723c751e8b465ee728b)  -> (artifact id: '4824af68e48630d5297096beb6c24df1') in 0.331287 seconds 
========================================================================
Received Import Request.
  Time since last request: 0.000022 seconds.
  path: Assets/ScifiFacility/Materials/_ExampleMats/Theme_1/Base_Color_06.mat
  artifactKey: Guid(5808a97db4fab4562a6ea92d788a92dc) Importer(815301076,1909f56bfc062723c751e8b465ee728b)
Start importing Assets/ScifiFacility/Materials/_ExampleMats/Theme_1/Base_Color_06.mat using Guid(5808a97db4fab4562a6ea92d788a92dc) Importer(815301076,1909f56bfc062723c751e8b465ee728b)  -> (artifact id: 'acb1b490e348b13a0bfecc72d5a74b19') in 0.078235 seconds 
========================================================================
Received Import Request.
  Time since last request: 0.000043 seconds.
  path: Assets/UnityTechnologies/ParticlePack/TextMesh Pro/Fonts/AGENCYB SDF 1.asset
  artifactKey: Guid(56c25352947a88c4898fa5ec8442f9d2) Importer(815301076,1909f56bfc062723c751e8b465ee728b)
Start importing Assets/UnityTechnologies/ParticlePack/TextMesh Pro/Fonts/AGENCYB SDF 1.asset using Guid(56c25352947a88c4898fa5ec8442f9d2) Importer(815301076,1909f56bfc062723c751e8b465ee728b)  -> (artifact id: 'c90d14d4dcade9a6d4214715b38aff3e') in 0.070315 seconds 
========================================================================
Received Import Request.
  Time since last request: 0.000017 seconds.
  path: Assets/WarehouseConstructionSet/Source/Imports/Materials/air_conditioner.mat
  artifactKey: Guid(2f5be496317e2a64e8419d80899e9eda) Importer(815301076,1909f56bfc062723c751e8b465ee728b)
Start importing Assets/WarehouseConstructionSet/Source/Imports/Materials/air_conditioner.mat using Guid(2f5be496317e2a64e8419d80899e9eda) Importer(815301076,1909f56bfc062723c751e8b465ee728b)  -> (artifact id: 'adfd0eafc59c21182eb45d3ce38d462a') in 0.030547 seconds 
========================================================================
Received Import Request.
  Time since last request: 0.000016 seconds.
  path: Assets/ScifiFacility/Materials/_ExampleMats/Theme_4/Base_Color_21.mat
  artifactKey: Guid(7ee7be81fbdf4473b8a5f6fe920f975d) Importer(815301076,1909f56bfc062723c751e8b465ee728b)
Start importing Assets/ScifiFacility/Materials/_ExampleMats/Theme_4/Base_Color_21.mat using Guid(7ee7be81fbdf4473b8a5f6fe920f975d) Importer(815301076,1909f56bfc062723c751e8b465ee728b)  -> (artifact id: '3678213a533028ad10ad716ee8fc2676') in 0.065375 seconds 
========================================================================
Received Import Request.
  Time since last request: 0.000027 seconds.
  path: Assets/Polygonmaker/Polygonmaker Animations/Undead/Anim_Zombie@run2_L_inplace.fbx
  artifactKey: Guid(0e397d81e79005c44a469b8c7efe5f35) Importer(815301076,1909f56bfc062723c751e8b465ee728b)
Start importing Assets/Polygonmaker/Polygonmaker Animations/Undead/Anim_Zombie@run2_L_inplace.fbx using Guid(0e397d81e79005c44a469b8c7efe5f35) Importer(815301076,1909f56bfc062723c751e8b465ee728b)  -> (artifact id: 'ea99b3b937a0873b2cdfaa75ae301ff4') in 0.139834 seconds 
========================================================================
Received Import Request.
  Time since last request: 0.000019 seconds.
  path: Assets/WarehouseConstructionSet/Source/Imports/bumper_big.FBX
  artifactKey: Guid(bf84d966e33bb1e42bf179c3224d21d8) Importer(815301076,1909f56bfc062723c751e8b465ee728b)
Start importing Assets/WarehouseConstructionSet/Source/Imports/bumper_big.FBX using Guid(bf84d966e33bb1e42bf179c3224d21d8) Importer(815301076,1909f56bfc062723c751e8b465ee728b)  -> (artifact id: '5ed322ae5cf54b4029317917e56409d7') in 0.019527 seconds 
========================================================================
Received Import Request.
  Time since last request: 0.000021 seconds.
  path: Assets/ScifiFacility/Prefabs/structural/walls/column_05.prefab
  artifactKey: Guid(94561a602d0bcd04a91c07218bdb91f1) Importer(815301076,1909f56bfc062723c751e8b465ee728b)
Start importing Assets/ScifiFacility/Prefabs/structural/walls/column_05.prefab using Guid(94561a602d0bcd04a91c07218bdb91f1) Importer(815301076,1909f56bfc062723c751e8b465ee728b)  -> (artifact id: 'a6204477599497149048b8236496d16b') in 0.138461 seconds 
========================================================================
Received Import Request.
  Time since last request: 0.000015 seconds.
  path: Assets/WarehouseConstructionSet/Prefabs/Props_built/big_shelf_second_floor_and_boxes_03.prefab
  artifactKey: Guid(1596dbcfcc2429145ac8f4b5b59776e5) Importer(815301076,1909f56bfc062723c751e8b465ee728b)
Start importing Assets/WarehouseConstructionSet/Prefabs/Props_built/big_shelf_second_floor_and_boxes_03.prefab using Guid(1596dbcfcc2429145ac8f4b5b59776e5) Importer(815301076,1909f56bfc062723c751e8b465ee728b)  -> (artifact id: 'd903de7f60771741d0d52101afbfd762') in 0.148550 seconds 
========================================================================
Received Import Request.
  Time since last request: 0.000019 seconds.
  path: Assets/Polygonmaker/Polygonmaker Animations/Undead/Anim_Zombie@jump.FBX
  artifactKey: Guid(857b4e0a51d5da74c9cb16b2d5abbe66) Importer(815301076,1909f56bfc062723c751e8b465ee728b)
Start importing Assets/Polygonmaker/Polygonmaker Animations/Undead/Anim_Zombie@jump.FBX using Guid(857b4e0a51d5da74c9cb16b2d5abbe66) Importer(815301076,1909f56bfc062723c751e8b465ee728b)  -> (artifact id: '418b914b5095ad1ae36bd49f4189ca44') in 0.018730 seconds 
========================================================================
Received Import Request.
  Time since last request: 0.000031 seconds.
  path: Assets/Furniture/Source/Mesh/3Seat3.fbx
  artifactKey: Guid(b07a91327abd3554ab170725ff8ae7a6) Importer(815301076,1909f56bfc062723c751e8b465ee728b)
Start importing Assets/Furniture/Source/Mesh/3Seat3.fbx using Guid(b07a91327abd3554ab170725ff8ae7a6) Importer(815301076,1909f56bfc062723c751e8b465ee728b)  -> (artifact id: 'fcc4ebe223a47f07f59c87abaf2efa7f') in 0.016672 seconds 
========================================================================
Received Import Request.
  Time since last request: 0.000016 seconds.
  path: Assets/ScifiFacility/Prefabs/props/details/controlpanels/controlpanel_09.prefab
  artifactKey: Guid(32d378a568f728243a82801b5eba8e6d) Importer(815301076,1909f56bfc062723c751e8b465ee728b)
Start importing Assets/ScifiFacility/Prefabs/props/details/controlpanels/controlpanel_09.prefab using Guid(32d378a568f728243a82801b5eba8e6d) Importer(815301076,1909f56bfc062723c751e8b465ee728b)  -> (artifact id: '0c60fd8f69bf52323b0ed9a33c7b199b') in 0.087510 seconds 
========================================================================
Received Import Request.
  Time since last request: 51.230554 seconds.
  path: Assets/Zombie/Animations/Zombie@Z_Walk_InPlace.FBX
  artifactKey: Guid(165698eac7ca81041ad603fc5a3afa55) Importer(815301076,1909f56bfc062723c751e8b465ee728b)
Start importing Assets/Zombie/Animations/Zombie@Z_Walk_InPlace.FBX using Guid(165698eac7ca81041ad603fc5a3afa55) Importer(815301076,1909f56bfc062723c751e8b465ee728b)  -> (artifact id: 'be3c7796729a4b98ddae55019eeff53f') in 0.195261 seconds 
Editor requested this worker to shutdown with reason: Scaling down because of idle timeout
AssetImportWorker is now disconnected from the server
Process exiting
Exiting without the bug reporter. Application will terminate with return code 0