Using pre-set license
Built from '2021.3/staging' branch; Version is '2021.3.19f1 (c9714fde33b6) revision 13201743'; Using compiler version '192829333'; Build Type 'Release'
OS: 'Windows 11  (10.0.22631) 64bit Professional' Language: 'en' Physical Memory: 32522 MB
BatchMode: 1, IsHumanControllingUs: 0, StartBugReporterOnCrash: 0, Is64bit: 1, IsPro: 1

COMMAND LINE ARGUMENTS:
C:\Program Files\Unity 2021.3.19f1\Editor\Unity.exe
-adb2
-batchMode
-noUpm
-name
AssetImportWorker0
-projectPath
C:/Users/Dakota/Outbreak-VR
-logFile
Logs/AssetImportWorker0.log
-srvPort
61522
Successfully changed project path to: C:/Users/Dakota/Outbreak-VR
C:/Users/Dakota/Outbreak-VR
[UnityMemory] Configuration Parameters - Can be set up in boot.config
    "memorysetup-bucket-allocator-granularity=16"
    "memorysetup-bucket-allocator-bucket-count=8"
    "memorysetup-bucket-allocator-block-size=33554432"
    "memorysetup-bucket-allocator-block-count=8"
    "memorysetup-main-allocator-block-size=16777216"
    "memorysetup-thread-allocator-block-size=16777216"
    "memorysetup-gfx-main-allocator-block-size=16777216"
    "memorysetup-gfx-thread-allocator-block-size=16777216"
    "memorysetup-cache-allocator-block-size=4194304"
    "memorysetup-typetree-allocator-block-size=2097152"
    "memorysetup-profiler-bucket-allocator-granularity=16"
    "memorysetup-profiler-bucket-allocator-bucket-count=8"
    "memorysetup-profiler-bucket-allocator-block-size=33554432"
    "memorysetup-profiler-bucket-allocator-block-count=8"
    "memorysetup-profiler-allocator-block-size=16777216"
    "memorysetup-profiler-editor-allocator-block-size=1048576"
    "memorysetup-temp-allocator-size-main=16777216"
    "memorysetup-job-temp-allocator-block-size=2097152"
    "memorysetup-job-temp-allocator-block-size-background=1048576"
    "memorysetup-job-temp-allocator-reduction-small-platforms=262144"
    "memorysetup-temp-allocator-size-background-worker=32768"
    "memorysetup-temp-allocator-size-job-worker=262144"
    "memorysetup-temp-allocator-size-preload-manager=33554432"
    "memorysetup-temp-allocator-size-nav-mesh-worker=65536"
    "memorysetup-temp-allocator-size-audio-worker=65536"
    "memorysetup-temp-allocator-size-cloud-worker=32768"
    "memorysetup-temp-allocator-size-gi-baking-worker=262144"
    "memorysetup-temp-allocator-size-gfx=262144"
Player connection [58540] Host "[IP] 192.168.1.129 [Port] 0 [Flags] 2 [Guid] 3624597751 [EditorId] 3624597751 [Version] 1048832 [Id] WindowsEditor(7,Swizops-101617) [Debug] 1 [PackageName] WindowsEditor [ProjectName] Editor" joined multi-casting on [225.0.0.222:54997]...

Player connection [58540] Host "[IP] 192.168.1.129 [Port] 0 [Flags] 2 [Guid] 3624597751 [EditorId] 3624597751 [Version] 1048832 [Id] WindowsEditor(7,Swizops-101617) [Debug] 1 [PackageName] WindowsEditor [ProjectName] Editor" joined alternative multi-casting on [225.0.0.222:34997]...

Refreshing native plugins compatible for Editor in 79.37 ms, found 4 plugins.
Preloading 0 native plugins for Editor in 0.00 ms.
Initialize engine version: 2021.3.19f1 (c9714fde33b6)
[Subsystems] Discovering subsystems at path C:/Program Files/Unity 2021.3.19f1/Editor/Data/Resources/UnitySubsystems
[Subsystems] Discovering subsystems at path C:/Users/Dakota/Outbreak-VR/Assets
GfxDevice: creating device client; threaded=0; jobified=0
Direct3D:
    Version:  Direct3D 11.0 [level 11.1]
    Renderer: NVIDIA GeForce RTX 4080 (ID=0x2704)
    Vendor:   NVIDIA
    VRAM:     16050 MB
    Driver:   32.0.15.7216
Initialize mono
Mono path[0] = 'C:/Program Files/Unity 2021.3.19f1/Editor/Data/Managed'
Mono path[1] = 'C:/Program Files/Unity 2021.3.19f1/Editor/Data/MonoBleedingEdge/lib/mono/unityjit-win32'
Mono config path = 'C:/Program Files/Unity 2021.3.19f1/Editor/Data/MonoBleedingEdge/etc'
Using monoOptions --debugger-agent=transport=dt_socket,embedding=1,server=y,suspend=n,address=127.0.0.1:56536
Begin MonoManager ReloadAssembly
Registering precompiled unity dll's ...
Register platform support module: C:/Program Files/Unity 2021.3.19f1/Editor/Data/PlaybackEngines/WindowsStandaloneSupport/UnityEditor.WindowsStandalone.Extensions.dll
Registered in 0.002298 seconds.
Native extension for WindowsStandalone target not found
Refreshing native plugins compatible for Editor in 57.30 ms, found 4 plugins.
Preloading 0 native plugins for Editor in 0.00 ms.
Mono: successfully reloaded assembly
- Completed reload, in  0.353 seconds
Domain Reload Profiling:
	ReloadAssembly (353ms)
		BeginReloadAssembly (54ms)
			ExecutionOrderSort (0ms)
			DisableScriptedObjects (0ms)
			BackupInstance (0ms)
			ReleaseScriptingObjects (0ms)
			CreateAndSetChildDomain (0ms)
		EndReloadAssembly (247ms)
			LoadAssemblies (52ms)
			RebuildTransferFunctionScriptingTraits (0ms)
			SetupTypeCache (49ms)
			ReleaseScriptCaches (0ms)
			RebuildScriptCaches (13ms)
			SetupLoadedEditorAssemblies (159ms)
				LogAssemblyErrors (0ms)
				InitializePlatformSupportModulesInManaged (4ms)
				SetLoadedEditorAssemblies (0ms)
				RefreshPlugins (57ms)
				BeforeProcessingInitializeOnLoad (1ms)
				ProcessInitializeOnLoadAttributes (68ms)
				ProcessInitializeOnLoadMethodAttributes (30ms)
				AfterProcessingInitializeOnLoad (0ms)
				EditorAssembliesLoaded (0ms)
			ExecutionOrderSort2 (0ms)
			AwakeInstancesAfterBackupRestoration (0ms)
Platform modules already initialized, skipping
Registering precompiled user dll's ...
Registered in 0.002289 seconds.
Begin MonoManager ReloadAssembly
Symbol file LoadedFromMemory doesn't match image C:\Users\Dakota\Outbreak-VR\Library\PackageCache\com.unity.visualscripting@1.8.0\Editor\VisualScripting.Core\Dependencies\YamlDotNet\Unity.VisualScripting.YamlDotNet.dll
Symbol file LoadedFromMemory doesn't match image C:\Users\Dakota\Outbreak-VR\Library\PackageCache\com.unity.visualscripting@1.8.0\Editor\VisualScripting.Core\Dependencies\DotNetZip\Unity.VisualScripting.IonicZip.dll
Native extension for WindowsStandalone target not found
Refreshing native plugins compatible for Editor in 58.27 ms, found 4 plugins.
Preloading 0 native plugins for Editor in 0.00 ms.
Package Manager log level set to [2]
Mono: successfully reloaded assembly
- Completed reload, in  0.640 seconds
Domain Reload Profiling:
	ReloadAssembly (640ms)
		BeginReloadAssembly (52ms)
			ExecutionOrderSort (0ms)
			DisableScriptedObjects (3ms)
			BackupInstance (0ms)
			ReleaseScriptingObjects (0ms)
			CreateAndSetChildDomain (9ms)
		EndReloadAssembly (520ms)
			LoadAssemblies (56ms)
			RebuildTransferFunctionScriptingTraits (0ms)
			SetupTypeCache (124ms)
			ReleaseScriptCaches (0ms)
			RebuildScriptCaches (31ms)
			SetupLoadedEditorAssemblies (284ms)
				LogAssemblyErrors (0ms)
				InitializePlatformSupportModulesInManaged (2ms)
				SetLoadedEditorAssemblies (0ms)
				RefreshPlugins (58ms)
				BeforeProcessingInitializeOnLoad (51ms)
				ProcessInitializeOnLoadAttributes (134ms)
				ProcessInitializeOnLoadMethodAttributes (35ms)
				AfterProcessingInitializeOnLoad (3ms)
				EditorAssembliesLoaded (0ms)
			ExecutionOrderSort2 (0ms)
			AwakeInstancesAfterBackupRestoration (3ms)
Platform modules already initialized, skipping
========================================================================
Worker process is ready to serve import requests
Launched and connected shader compiler UnityShaderCompiler.exe after 0.03 seconds
Refreshing native plugins compatible for Editor in 0.77 ms, found 4 plugins.
Preloading 0 native plugins for Editor in 0.00 ms.
Unloading 4644 Unused Serialized files (Serialized files now loaded: 0)
Unloading 50 unused Assets / (2.0 MB). Loaded Objects now: 5097.
Memory consumption went from 210.4 MB to 208.4 MB.
Total: 2.149200 ms (FindLiveObjects: 0.163100 ms CreateObjectMapping: 0.053700 ms MarkObjects: 1.561600 ms  DeleteObjects: 0.370200 ms)

AssetImportParameters requested are different than current active one (requested -> active):
  custom:video-decoder-ogg-theora: a1e56fd34408186e4bbccfd4996cb3dc -> 
  custom:container-muxer-webm: aa71ff27fc2769a1b78a27578f13a17b -> 
  custom:container-demuxer-webm: 4f35f7cbe854078d1ac9338744f61a02 -> 
  custom:video-encoder-webm-vp8: eb34c28f22e8b96e1ab97ce403110664 -> 
  custom:video-codec-MediaFoundation-h265: 746d11721c4dcdbdad8f713fa42b33f4 -> 
  custom:audio-encoder-webm-vorbis: bf7c407c2cedff20999df2af8eb42d56 -> 
  custom:framework-win-MediaFoundation: 216162199b28c13a410421893ffa2e32 -> 
  custom:container-demuxer-ogg: 62fdf1f143b41e24485cea50d1cbac27 -> 
  custom:video-decoder-webm-vp8: 9c59270c3fd7afecdb556c50c9e8de78 -> 
  custom:audio-decoder-ogg-vorbis: bf7c407c2cedff20999df2af8eb42d56 -> 
========================================================================
Received Import Request.
  Time since last request: 112792.743838 seconds.
  path: Assets/UnityTechnologies/ParticlePack/Readme.asset
  artifactKey: Guid(83c2ed844a8c74b779a4c823d16594b1) Importer(815301076,1909f56bfc062723c751e8b465ee728b)
Start importing Assets/UnityTechnologies/ParticlePack/Readme.asset using Guid(83c2ed844a8c74b779a4c823d16594b1) Importer(815301076,1909f56bfc062723c751e8b465ee728b)  -> (artifact id: '8448eeec5d62c3fed3622c745de96bbe') in 0.037415 seconds 
========================================================================
Received Import Request.
  Time since last request: 28.137978 seconds.
  path: Assets/HitEffect.prefab
  artifactKey: Guid(deb36d53881e9df45b141fcbbd281c21) Importer(815301076,1909f56bfc062723c751e8b465ee728b)
Start importing Assets/HitEffect.prefab using Guid(deb36d53881e9df45b141fcbbd281c21) Importer(815301076,1909f56bfc062723c751e8b465ee728b)  -> (artifact id: '35537e5d24ebcf57f4a6ed964fbfb563') in 0.016627 seconds 
========================================================================
Received Import Request.
  Time since last request: 0.000550 seconds.
  path: Assets/NewLayer 1.terrainlayer
  artifactKey: Guid(9b1368f0b4852584ea94b134921c50bd) Importer(815301076,1909f56bfc062723c751e8b465ee728b)
Start importing Assets/NewLayer 1.terrainlayer using Guid(9b1368f0b4852584ea94b134921c50bd) Importer(815301076,1909f56bfc062723c751e8b465ee728b)  -> (artifact id: 'f90d9db09fa4682c8938d970c4c69275') in 0.040170 seconds 
========================================================================
Received Import Request.
  Time since last request: 0.000010 seconds.
  path: Assets/NewLayer 4.terrainlayer
  artifactKey: Guid(d39996f998f37a748a2000a72b8b882b) Importer(815301076,1909f56bfc062723c751e8b465ee728b)
Start importing Assets/NewLayer 4.terrainlayer using Guid(d39996f998f37a748a2000a72b8b882b) Importer(815301076,1909f56bfc062723c751e8b465ee728b)  -> (artifact id: 'e6c5af0d74d7f0190390e72fbbdc8461') in 0.014553 seconds 
========================================================================
Received Import Request.
  Time since last request: 0.000016 seconds.
  path: Assets/New Terrain.asset
  artifactKey: Guid(0b0e078259e45004389c63f33391ce09) Importer(815301076,1909f56bfc062723c751e8b465ee728b)
Start importing Assets/New Terrain.asset using Guid(0b0e078259e45004389c63f33391ce09) Importer(815301076,1909f56bfc062723c751e8b465ee728b) The tree prefab_Unity_Terrain_grass_02_3 must use the Nature/Soft Occlusion shader. Otherwise billboarding/lighting will not work correctly.
The tree prefab_Unity_Terrain_shaggy_soldier_01_1 must use the Nature/Soft Occlusion shader. Otherwise billboarding/lighting will not work correctly.
The tree prefab_Unity_Terrain_plant_01_4 must use the Nature/Soft Occlusion shader. Otherwise billboarding/lighting will not work correctly.
The tree prefab_Unity_Terrain_lily_valley_01_1 must use the Nature/Soft Occlusion shader. Otherwise billboarding/lighting will not work correctly.
The tree prefab_Unity_Terrain_ivy_01_2 must use the Nature/Soft Occlusion shader. Otherwise billboarding/lighting will not work correctly.
 -> (artifact id: '2d86918e4fb937185ad42bd9e57f1181') in 0.156840 seconds 
========================================================================
Received Import Request.
  Time since last request: 0.000020 seconds.
  path: Assets/NewLayer 5.terrainlayer
  artifactKey: Guid(a451647fbb3cbe64a81f86be60202575) Importer(815301076,1909f56bfc062723c751e8b465ee728b)
Start importing Assets/NewLayer 5.terrainlayer using Guid(a451647fbb3cbe64a81f86be60202575) Importer(815301076,1909f56bfc062723c751e8b465ee728b)  -> (artifact id: '4253a2d3547bd1ba1916bf8c2678af3e') in 0.014204 seconds 
========================================================================
Received Import Request.
  Time since last request: 0.000014 seconds.
  path: Assets/NewLayer 3.terrainlayer
  artifactKey: Guid(6e992b0a8a89fa64aacd9d3e32f5fffe) Importer(815301076,1909f56bfc062723c751e8b465ee728b)
Start importing Assets/NewLayer 3.terrainlayer using Guid(6e992b0a8a89fa64aacd9d3e32f5fffe) Importer(815301076,1909f56bfc062723c751e8b465ee728b)  -> (artifact id: 'aff836e9e248dde2fb4f26bf52e94865') in 0.012387 seconds 
========================================================================
Received Import Request.
  Time since last request: 0.000012 seconds.
  path: Assets/NewLayer 2.terrainlayer
  artifactKey: Guid(4b50d335de00a6e4089b5c539c43e953) Importer(815301076,1909f56bfc062723c751e8b465ee728b)
Start importing Assets/NewLayer 2.terrainlayer using Guid(4b50d335de00a6e4089b5c539c43e953) Importer(815301076,1909f56bfc062723c751e8b465ee728b)  -> (artifact id: '6df12924b8ce3c60028c8fef768a778e') in 0.027580 seconds 
========================================================================
Received Import Request.
  Time since last request: 18.305349 seconds.
  path: Assets/Furniture/Prefabs/3Seat3.prefab
  artifactKey: Guid(d9e6213ffc5943b4db8396985aa3f894) Importer(815301076,1909f56bfc062723c751e8b465ee728b)
Start importing Assets/Furniture/Prefabs/3Seat3.prefab using Guid(d9e6213ffc5943b4db8396985aa3f894) Importer(815301076,1909f56bfc062723c751e8b465ee728b)  -> (artifact id: '61e7eb4613325b44fb65744966fff73c') in 0.143463 seconds 
========================================================================
Received Import Request.
  Time since last request: 0.000011 seconds.
  path: Assets/ScifiFacility/Prefabs/furniture/bed_ladder.prefab
  artifactKey: Guid(6d09130fd7bc0e9458d9fb9c4b8872e4) Importer(815301076,1909f56bfc062723c751e8b465ee728b)
Start importing Assets/ScifiFacility/Prefabs/furniture/bed_ladder.prefab using Guid(6d09130fd7bc0e9458d9fb9c4b8872e4) Importer(815301076,1909f56bfc062723c751e8b465ee728b)  -> (artifact id: '94bc5835a6f736f8d7ab897e29ab5b2b') in 0.154330 seconds 
========================================================================
Received Import Request.
  Time since last request: 0.000016 seconds.
  path: Assets/Nokobot/Modern Guns - Handgun/_Prefabs/Base Prefabs/Bullet_Head.prefab
  artifactKey: Guid(9e0ef2cf9cfc11c46bbe7f28b272f6fb) Importer(815301076,1909f56bfc062723c751e8b465ee728b)
Start importing Assets/Nokobot/Modern Guns - Handgun/_Prefabs/Base Prefabs/Bullet_Head.prefab using Guid(9e0ef2cf9cfc11c46bbe7f28b272f6fb) Importer(815301076,1909f56bfc062723c751e8b465ee728b)  -> (artifact id: 'd9ca87c4ee2252529aae4dadb9837104') in 0.008568 seconds 
========================================================================
Received Import Request.
  Time since last request: 0.000019 seconds.
  path: Assets/WarehouseConstructionSet/Prefabs/Props_interior/box_wood.prefab
  artifactKey: Guid(0ad8aecc694b9c7419ce5f884657652a) Importer(815301076,1909f56bfc062723c751e8b465ee728b)
Start importing Assets/WarehouseConstructionSet/Prefabs/Props_interior/box_wood.prefab using Guid(0ad8aecc694b9c7419ce5f884657652a) Importer(815301076,1909f56bfc062723c751e8b465ee728b)  -> (artifact id: 'b574066c85fbb9f6b9c4c69f01a2e123') in 0.013876 seconds 
========================================================================
Received Import Request.
  Time since last request: 0.000012 seconds.
  path: Assets/ScifiFacility/Prefabs/props/Barricade2.prefab
  artifactKey: Guid(fd0db1ddf69109945a5cf5a0c14946e7) Importer(815301076,1909f56bfc062723c751e8b465ee728b)
Start importing Assets/ScifiFacility/Prefabs/props/Barricade2.prefab using Guid(fd0db1ddf69109945a5cf5a0c14946e7) Importer(815301076,1909f56bfc062723c751e8b465ee728b)  -> (artifact id: '2e6e2da6f59111434e053f5443ddfa53') in 0.241324 seconds 
========================================================================
Received Import Request.
  Time since last request: 0.000018 seconds.
  path: Assets/VectorAssets/Real Magazines/Examples/556x45 PMAG.prefab
  artifactKey: Guid(a2616a110f63ac241a29f3696c97d99b) Importer(815301076,1909f56bfc062723c751e8b465ee728b)
Start importing Assets/VectorAssets/Real Magazines/Examples/556x45 PMAG.prefab using Guid(a2616a110f63ac241a29f3696c97d99b) Importer(815301076,1909f56bfc062723c751e8b465ee728b)  -> (artifact id: '0962a95f0144ec80b151570c0a382504') in 0.277737 seconds 
========================================================================
Received Import Request.
  Time since last request: 0.000023 seconds.
  path: Assets/ScifiFacility/Prefabs/props/details/controlpanels/controlpanel_03.prefab
  artifactKey: Guid(13cdd7dc4a299114c8fcc6e5021b1c6a) Importer(815301076,1909f56bfc062723c751e8b465ee728b)
Start importing Assets/ScifiFacility/Prefabs/props/details/controlpanels/controlpanel_03.prefab using Guid(13cdd7dc4a299114c8fcc6e5021b1c6a) Importer(815301076,1909f56bfc062723c751e8b465ee728b)  -> (artifact id: '61575dd95ad7d574fffb648f2b495d56') in 0.094440 seconds 
========================================================================
Received Import Request.
  Time since last request: 0.000012 seconds.
  path: Assets/NextGen Furniture Pack/Prefabs/chair_2.prefab
  artifactKey: Guid(22ff2c5264001b243b22f24c9424a730) Importer(815301076,1909f56bfc062723c751e8b465ee728b)
Start importing Assets/NextGen Furniture Pack/Prefabs/chair_2.prefab using Guid(22ff2c5264001b243b22f24c9424a730) Importer(815301076,1909f56bfc062723c751e8b465ee728b)  -> (artifact id: '8aa5034982cd14e7ab375c2ba6909784') in 0.062300 seconds 
========================================================================
Received Import Request.
  Time since last request: 0.000013 seconds.
  path: Assets/FX/Impact FX/BulletHitMetal.prefab
  artifactKey: Guid(7d8f26b2b628dad4a9a3705dd868f311) Importer(815301076,1909f56bfc062723c751e8b465ee728b)
Start importing Assets/FX/Impact FX/BulletHitMetal.prefab using Guid(7d8f26b2b628dad4a9a3705dd868f311) Importer(815301076,1909f56bfc062723c751e8b465ee728b)  -> (artifact id: '589d72ea18886efc40e298126fec5e87') in 1.030383 seconds 
========================================================================
Received Import Request.
  Time since last request: 0.000017 seconds.
  path: Assets/UnityTechnologies/ParticlePack/Shared/Environment/Prefabs/CornerWall.prefab
  artifactKey: Guid(21617474d5ac06548b6020406dbe6e6b) Importer(815301076,1909f56bfc062723c751e8b465ee728b)
Start importing Assets/UnityTechnologies/ParticlePack/Shared/Environment/Prefabs/CornerWall.prefab using Guid(21617474d5ac06548b6020406dbe6e6b) Importer(815301076,1909f56bfc062723c751e8b465ee728b)  -> (artifact id: '36ba6501338431b11aa577a19a67b393') in 0.313568 seconds 
========================================================================
Received Import Request.
  Time since last request: 0.000025 seconds.
  path: Assets/Polygonmaker/Polygonmaker Animations/Undead/Anim_Zombie@run2_R.fbx
  artifactKey: Guid(b7873e0d5cfa91e44a1b89faa47d1215) Importer(815301076,1909f56bfc062723c751e8b465ee728b)
Start importing Assets/Polygonmaker/Polygonmaker Animations/Undead/Anim_Zombie@run2_R.fbx using Guid(b7873e0d5cfa91e44a1b89faa47d1215) Importer(815301076,1909f56bfc062723c751e8b465ee728b)  -> (artifact id: '6e21aae5fbdb4f6f274656cc8cfdf77e') in 0.100722 seconds 
========================================================================
Received Import Request.
  Time since last request: 0.000016 seconds.
  path: Assets/ScifiFacility/Materials/Base_Color_03.mat
  artifactKey: Guid(bbee82a7f2bf7ba4eb71b486fac29ab9) Importer(815301076,1909f56bfc062723c751e8b465ee728b)
Start importing Assets/ScifiFacility/Materials/Base_Color_03.mat using Guid(bbee82a7f2bf7ba4eb71b486fac29ab9) Importer(815301076,1909f56bfc062723c751e8b465ee728b)  -> (artifact id: 'c6137beca90ba70cd48f5d4c38aa86b7') in 0.072688 seconds 
========================================================================
Received Import Request.
  Time since last request: 0.000027 seconds.
  path: Assets/ScifiFacility/Materials/_ExampleMats/Theme_4/Base_Stripes 4.mat
  artifactKey: Guid(a5398a0d62da94b0184f2944c3e0be4d) Importer(815301076,1909f56bfc062723c751e8b465ee728b)
Start importing Assets/ScifiFacility/Materials/_ExampleMats/Theme_4/Base_Stripes 4.mat using Guid(a5398a0d62da94b0184f2944c3e0be4d) Importer(815301076,1909f56bfc062723c751e8b465ee728b)  -> (artifact id: 'd090926139161f120bd9c045ae8abc29') in 0.016867 seconds 
========================================================================
Received Import Request.
  Time since last request: 0.000032 seconds.
  path: Assets/ScifiFacility/Materials/_ExampleMats/Theme_3/Base_Stripes 5.mat
  artifactKey: Guid(2c52b5eb2e88a4b5a96f3f16fc37fbd0) Importer(815301076,1909f56bfc062723c751e8b465ee728b)
Start importing Assets/ScifiFacility/Materials/_ExampleMats/Theme_3/Base_Stripes 5.mat using Guid(2c52b5eb2e88a4b5a96f3f16fc37fbd0) Importer(815301076,1909f56bfc062723c751e8b465ee728b)  -> (artifact id: '0a0e5ad70c7755d3123de7175c82b960') in 0.017444 seconds 
========================================================================
Received Import Request.
  Time since last request: 0.000035 seconds.
  path: Assets/Ammo/Resources/Materials/Ammo_Ground.mat
  artifactKey: Guid(53fdf7ed4253d4e508e9bfe1e4f2f859) Importer(815301076,1909f56bfc062723c751e8b465ee728b)
Start importing Assets/Ammo/Resources/Materials/Ammo_Ground.mat using Guid(53fdf7ed4253d4e508e9bfe1e4f2f859) Importer(815301076,1909f56bfc062723c751e8b465ee728b)  -> (artifact id: '1ce27aaaad7cfcd7967d24bbd228e99d') in 0.104831 seconds 
========================================================================
Received Import Request.
  Time since last request: 0.000033 seconds.
  path: Assets/TVs/Sources/Materials/_tv_olddefault_Default.mat
  artifactKey: Guid(de4df7ce31ebfe4478c0c8c42b0370d8) Importer(815301076,1909f56bfc062723c751e8b465ee728b)
Start importing Assets/TVs/Sources/Materials/_tv_olddefault_Default.mat using Guid(de4df7ce31ebfe4478c0c8c42b0370d8) Importer(815301076,1909f56bfc062723c751e8b465ee728b)  -> (artifact id: '27dba1837f7f3b9416d5c6da2f823ce5') in 0.013480 seconds 
========================================================================
Received Import Request.
  Time since last request: 0.000023 seconds.
  path: Assets/Modern Russian Assault Rifle/Materials/AK12IronSightMaterial.mat
  artifactKey: Guid(ba6f222d9c803d14984071e8cbe75d85) Importer(815301076,1909f56bfc062723c751e8b465ee728b)
Start importing Assets/Modern Russian Assault Rifle/Materials/AK12IronSightMaterial.mat using Guid(ba6f222d9c803d14984071e8cbe75d85) Importer(815301076,1909f56bfc062723c751e8b465ee728b)  -> (artifact id: '4ac981ab547e4ed850f1c45c521f4f5d') in 0.014499 seconds 
========================================================================
Received Import Request.
  Time since last request: 0.000024 seconds.
  path: Assets/ScifiFacility/Materials/_ExampleMats/Theme_3/Base_Color_14.mat
  artifactKey: Guid(178183105412f4bc08f8fc74d8b92a27) Importer(815301076,1909f56bfc062723c751e8b465ee728b)
Start importing Assets/ScifiFacility/Materials/_ExampleMats/Theme_3/Base_Color_14.mat using Guid(178183105412f4bc08f8fc74d8b92a27) Importer(815301076,1909f56bfc062723c751e8b465ee728b)  -> (artifact id: '6c5854b38c5973f47f66cfd3aad0e508') in 0.112250 seconds 
========================================================================
Received Import Request.
  Time since last request: 0.000045 seconds.
  path: Assets/ScifiFacility/Materials/_ExampleMats/Theme_3/Base_Color_10.mat
  artifactKey: Guid(e0d1bf918b3394c5faa9740c5abe8269) Importer(815301076,1909f56bfc062723c751e8b465ee728b)
Start importing Assets/ScifiFacility/Materials/_ExampleMats/Theme_3/Base_Color_10.mat using Guid(e0d1bf918b3394c5faa9740c5abe8269) Importer(815301076,1909f56bfc062723c751e8b465ee728b)  -> (artifact id: '85165c8bb4c55172a66fae8caa01b95d') in 0.071993 seconds 
========================================================================
Received Import Request.
  Time since last request: 0.000040 seconds.
  path: Assets/ScifiFacility/Materials/_ExampleMats/Theme_1/Base_Color_18.mat
  artifactKey: Guid(af7aafc90de854ecd98aa6672e7c49fe) Importer(815301076,1909f56bfc062723c751e8b465ee728b)
Start importing Assets/ScifiFacility/Materials/_ExampleMats/Theme_1/Base_Color_18.mat using Guid(af7aafc90de854ecd98aa6672e7c49fe) Importer(815301076,1909f56bfc062723c751e8b465ee728b)  -> (artifact id: '3856ee3927662ec513699936f9f8b5bd') in 0.064930 seconds 
========================================================================
Received Import Request.
  Time since last request: 0.000023 seconds.
  path: Assets/ScifiFacility/Materials/Base_Metal_Alloy_brushed.mat
  artifactKey: Guid(98cb0988abbbfd948aaa3c9ae39a3b7a) Importer(815301076,1909f56bfc062723c751e8b465ee728b)
Start importing Assets/ScifiFacility/Materials/Base_Metal_Alloy_brushed.mat using Guid(98cb0988abbbfd948aaa3c9ae39a3b7a) Importer(815301076,1909f56bfc062723c751e8b465ee728b)  -> (artifact id: 'f69a01e990249c58aa9e849e5683c612') in 0.040097 seconds 
========================================================================
Received Import Request.
  Time since last request: 0.000023 seconds.
  path: Assets/Nokobot/Modern Guns - Handgun/Materials/45ACP_Bullet_Silver.mat
  artifactKey: Guid(4b40dbb00777f2141a8ff7278f450856) Importer(815301076,1909f56bfc062723c751e8b465ee728b)
Start importing Assets/Nokobot/Modern Guns - Handgun/Materials/45ACP_Bullet_Silver.mat using Guid(4b40dbb00777f2141a8ff7278f450856) Importer(815301076,1909f56bfc062723c751e8b465ee728b)  -> (artifact id: '37b2c9fc86019574b7cafad7a86c5a7f') in 0.010633 seconds 
========================================================================
Received Import Request.
  Time since last request: 0.000035 seconds.
  path: Assets/Ammo/Resources/Materials/Ammo_Pack_00.mat
  artifactKey: Guid(7c0ce97ea5a0946068463f2bfa7a5c41) Importer(815301076,1909f56bfc062723c751e8b465ee728b)
Start importing Assets/Ammo/Resources/Materials/Ammo_Pack_00.mat using Guid(7c0ce97ea5a0946068463f2bfa7a5c41) Importer(815301076,1909f56bfc062723c751e8b465ee728b)  -> (artifact id: 'e5e5ccd28b337e69d5e3ee6b9b1b7d70') in 0.019686 seconds 
========================================================================
Received Import Request.
  Time since last request: 0.000018 seconds.
  path: Assets/WarehouseConstructionSet/Source/Imports/barrier.FBX
  artifactKey: Guid(0567e535dddf0674e8315d3d776c42e1) Importer(815301076,1909f56bfc062723c751e8b465ee728b)
Start importing Assets/WarehouseConstructionSet/Source/Imports/barrier.FBX using Guid(0567e535dddf0674e8315d3d776c42e1) Importer(815301076,1909f56bfc062723c751e8b465ee728b)  -> (artifact id: '68d9043564414a26f7787b18139fcdd8') in 0.030854 seconds 
========================================================================
Received Import Request.
  Time since last request: 0.000012 seconds.
  path: Assets/Polygonmaker/Polygonmaker Animations/Undead/Anim_Zombie@cast1.FBX
  artifactKey: Guid(4623745fb208b474ea3d4eb955d423d7) Importer(815301076,1909f56bfc062723c751e8b465ee728b)
Start importing Assets/Polygonmaker/Polygonmaker Animations/Undead/Anim_Zombie@cast1.FBX using Guid(4623745fb208b474ea3d4eb955d423d7) Importer(815301076,1909f56bfc062723c751e8b465ee728b)  -> (artifact id: '3dbdd0cc96e97b1f73e87ca70916c7e0') in 0.020969 seconds 
========================================================================
Received Import Request.
  Time since last request: 0.000018 seconds.
  path: Assets/ScifiFacility/Materials/_ExampleMats/Theme_4/Base_Color_16.mat
  artifactKey: Guid(68de68115600246fda4e08e72dd7d745) Importer(815301076,1909f56bfc062723c751e8b465ee728b)
Start importing Assets/ScifiFacility/Materials/_ExampleMats/Theme_4/Base_Color_16.mat using Guid(68de68115600246fda4e08e72dd7d745) Importer(815301076,1909f56bfc062723c751e8b465ee728b)  -> (artifact id: 'b33d432db0ee75b32118ccfd954066f1') in 0.054663 seconds 
========================================================================
Received Import Request.
  Time since last request: 0.000023 seconds.
  path: Assets/ScifiFacility/Models/furniture/bed_ladder.fbx
  artifactKey: Guid(3c9c6a946259774409c9d6758c888aa0) Importer(815301076,1909f56bfc062723c751e8b465ee728b)
Start importing Assets/ScifiFacility/Models/furniture/bed_ladder.fbx using Guid(3c9c6a946259774409c9d6758c888aa0) Importer(815301076,1909f56bfc062723c751e8b465ee728b)  -> (artifact id: '422eabdd6cb2ecf687eb0277067c1ed3') in 0.012012 seconds 
========================================================================
Received Import Request.
  Time since last request: 0.000013 seconds.
  path: Assets/ScifiFacility/Models/furniture/chair_03.fbx
  artifactKey: Guid(b6fd2bf1c26d228409cdee8ddb1f2066) Importer(815301076,1909f56bfc062723c751e8b465ee728b)
Start importing Assets/ScifiFacility/Models/furniture/chair_03.fbx using Guid(b6fd2bf1c26d228409cdee8ddb1f2066) Importer(815301076,1909f56bfc062723c751e8b465ee728b)  -> (artifact id: 'a4349d2a3e91f133e3b7ca1416e0af56') in 0.026901 seconds 
========================================================================
Received Import Request.
  Time since last request: 0.000014 seconds.
  path: Assets/Modern Russian Assault Rifle/Materials/AK12Material.mat
  artifactKey: Guid(3d2382af2d2fc1842ab1e348bc71dfe3) Importer(815301076,1909f56bfc062723c751e8b465ee728b)
Start importing Assets/Modern Russian Assault Rifle/Materials/AK12Material.mat using Guid(3d2382af2d2fc1842ab1e348bc71dfe3) Importer(815301076,1909f56bfc062723c751e8b465ee728b)  -> (artifact id: '80e8e352c0600c79a35c0d8dbc392a0d') in 0.011835 seconds 
========================================================================
Received Import Request.
  Time since last request: 0.000020 seconds.
  path: Assets/Polygonmaker/Polygonmaker Animations/Undead/Anim_Zombie@run2.FBX
  artifactKey: Guid(8c4dc300b1e178847a3f696afab26b80) Importer(815301076,1909f56bfc062723c751e8b465ee728b)
Start importing Assets/Polygonmaker/Polygonmaker Animations/Undead/Anim_Zombie@run2.FBX using Guid(8c4dc300b1e178847a3f696afab26b80) Importer(815301076,1909f56bfc062723c751e8b465ee728b)  -> (artifact id: '7417f95376a70c9c9bc46e95a81a3041') in 0.019315 seconds 
========================================================================
Received Import Request.
  Time since last request: 0.000015 seconds.
  path: Assets/WarehouseConstructionSet/Prefabs/Props_exterior/Barricade.prefab
  artifactKey: Guid(0f3faa75376d3c74d8f2182a9e20b000) Importer(815301076,1909f56bfc062723c751e8b465ee728b)
Start importing Assets/WarehouseConstructionSet/Prefabs/Props_exterior/Barricade.prefab using Guid(0f3faa75376d3c74d8f2182a9e20b000) Importer(815301076,1909f56bfc062723c751e8b465ee728b)  -> (artifact id: 'c81ee079417ef019bfd0a2dda390a698') in 0.068791 seconds 
========================================================================
Received Import Request.
  Time since last request: 0.000034 seconds.
  path: Assets/WarehouseConstructionSet/Source/Imports/box_wood_small.FBX
  artifactKey: Guid(e7e55aaba2700454cb0c4434033dc986) Importer(815301076,1909f56bfc062723c751e8b465ee728b)
Start importing Assets/WarehouseConstructionSet/Source/Imports/box_wood_small.FBX using Guid(e7e55aaba2700454cb0c4434033dc986) Importer(815301076,1909f56bfc062723c751e8b465ee728b)  -> (artifact id: '69dc32289561d415a4344945ba672d8a') in 0.019426 seconds 
========================================================================
Received Import Request.
  Time since last request: 0.000020 seconds.
  path: Assets/SteamVR/InteractionSystem/Samples/Prefabs/Buggy Controller.prefab
  artifactKey: Guid(d9803cc69067105488f4a78449f2aeec) Importer(815301076,1909f56bfc062723c751e8b465ee728b)
Start importing Assets/SteamVR/InteractionSystem/Samples/Prefabs/Buggy Controller.prefab using Guid(d9803cc69067105488f4a78449f2aeec) Importer(815301076,1909f56bfc062723c751e8b465ee728b)  -> (artifact id: '61b896b88bfb9bfb3e8a2a0598d319bd') in 0.031788 seconds 
========================================================================
Received Import Request.
  Time since last request: 0.000020 seconds.
  path: Assets/WarehouseConstructionSet/Source/Imports/big_shelf.FBX
  artifactKey: Guid(dcf29d04a170d484396c004f470a625e) Importer(815301076,1909f56bfc062723c751e8b465ee728b)
Start importing Assets/WarehouseConstructionSet/Source/Imports/big_shelf.FBX using Guid(dcf29d04a170d484396c004f470a625e) Importer(815301076,1909f56bfc062723c751e8b465ee728b)  -> (artifact id: '280769772130fb2a9496cd7613717550') in 0.136385 seconds 
========================================================================
Received Import Request.
  Time since last request: 0.000026 seconds.
  path: Assets/SteamVR/InteractionSystem/Samples/BuggyBuddy/Buggy Controller.fbx
  artifactKey: Guid(02842627faccabf418acf404c32f7b7a) Importer(815301076,1909f56bfc062723c751e8b465ee728b)
Start importing Assets/SteamVR/InteractionSystem/Samples/BuggyBuddy/Buggy Controller.fbx using Guid(02842627faccabf418acf404c32f7b7a) Importer(815301076,1909f56bfc062723c751e8b465ee728b)  -> (artifact id: '622b3380650392b7b92b6e09d7dc9370') in 0.047078 seconds 
========================================================================
Received Import Request.
  Time since last request: 0.000012 seconds.
  path: Assets/SteamVR/Prefabs/[SteamVR].prefab
  artifactKey: Guid(4f35fa249b5008c44ac2998be6f82d4d) Importer(815301076,1909f56bfc062723c751e8b465ee728b)
Start importing Assets/SteamVR/Prefabs/[SteamVR].prefab using Guid(4f35fa249b5008c44ac2998be6f82d4d) Importer(815301076,1909f56bfc062723c751e8b465ee728b)  -> (artifact id: '7d98e279b7564c55425d43b89a9a223a') in 0.009719 seconds 
========================================================================
Received Import Request.
  Time since last request: 0.000015 seconds.
  path: Assets/ScifiFacility/Materials/Base_Color_01.mat
  artifactKey: Guid(f185c01585a9f7a45a15f0263e134d24) Importer(815301076,1909f56bfc062723c751e8b465ee728b)
Start importing Assets/ScifiFacility/Materials/Base_Color_01.mat using Guid(f185c01585a9f7a45a15f0263e134d24) Importer(815301076,1909f56bfc062723c751e8b465ee728b)  -> (artifact id: '0e36437d24d91a338004d3fe35d43c85') in 0.055853 seconds 
========================================================================
Received Import Request.
  Time since last request: 0.000018 seconds.
  path: Assets/WarehouseConstructionSet/Source/Imports/big_shelf_second_floor.FBX
  artifactKey: Guid(d68e40993f6ced345a59a4ddc27557c3) Importer(815301076,1909f56bfc062723c751e8b465ee728b)
Start importing Assets/WarehouseConstructionSet/Source/Imports/big_shelf_second_floor.FBX using Guid(d68e40993f6ced345a59a4ddc27557c3) Importer(815301076,1909f56bfc062723c751e8b465ee728b)  -> (artifact id: 'ddae366378e9aa47a9617adb3261da20') in 0.019961 seconds 
========================================================================
Received Import Request.
  Time since last request: 0.000015 seconds.
  path: Assets/Polygonmaker/Polygonmaker Animations/Undead/Anim_Zombie@run1.FBX
  artifactKey: Guid(0048a54e09c665f47b0184f612834ffb) Importer(815301076,1909f56bfc062723c751e8b465ee728b)
Start importing Assets/Polygonmaker/Polygonmaker Animations/Undead/Anim_Zombie@run1.FBX using Guid(0048a54e09c665f47b0184f612834ffb) Importer(815301076,1909f56bfc062723c751e8b465ee728b)  -> (artifact id: 'f1fb942a14c951f20accaab7adda442e') in 0.017786 seconds 
========================================================================
Received Import Request.
  Time since last request: 0.000012 seconds.
  path: Assets/NextGen Furniture Pack/Models/chair_4.FBX
  artifactKey: Guid(b33a408d569039f45b6f4c0c000a8e08) Importer(815301076,1909f56bfc062723c751e8b465ee728b)
Start importing Assets/NextGen Furniture Pack/Models/chair_4.FBX using Guid(b33a408d569039f45b6f4c0c000a8e08) Importer(815301076,1909f56bfc062723c751e8b465ee728b)  -> (artifact id: 'b82e1d564bd22550cdf21eee0cb4cd3d') in 0.012431 seconds 
========================================================================
Received Import Request.
  Time since last request: 0.000015 seconds.
  path: Assets/WarehouseConstructionSet/Source/Imports/big_shelf_floor_small 1.FBX
  artifactKey: Guid(344418a8bdbad4c49af5af7b6f1c7b22) Importer(815301076,1909f56bfc062723c751e8b465ee728b)
Start importing Assets/WarehouseConstructionSet/Source/Imports/big_shelf_floor_small 1.FBX using Guid(344418a8bdbad4c49af5af7b6f1c7b22) Importer(815301076,1909f56bfc062723c751e8b465ee728b)  -> (artifact id: 'bfe9d1549b25e62f6aaa483e9e553492') in 0.015505 seconds 
========================================================================
Received Import Request.
  Time since last request: 0.000013 seconds.
  path: Assets/ScifiFacility/Materials/_ExampleMats/Theme_2/Base_Color_13.mat
  artifactKey: Guid(e9da91e6b59e847c3b82faa4b758770b) Importer(815301076,1909f56bfc062723c751e8b465ee728b)
Start importing Assets/ScifiFacility/Materials/_ExampleMats/Theme_2/Base_Color_13.mat using Guid(e9da91e6b59e847c3b82faa4b758770b) Importer(815301076,1909f56bfc062723c751e8b465ee728b)  -> (artifact id: 'cc77e40f4002f17e809a7d4fc8f08790') in 0.045581 seconds 
========================================================================
Received Import Request.
  Time since last request: 51.216645 seconds.
  path: Assets/Zombie/Animations/Zombie@Z_Run.FBX
  artifactKey: Guid(55edd2c9d257d3f4481dfd16015bf8c1) Importer(815301076,1909f56bfc062723c751e8b465ee728b)
Start importing Assets/Zombie/Animations/Zombie@Z_Run.FBX using Guid(55edd2c9d257d3f4481dfd16015bf8c1) Importer(815301076,1909f56bfc062723c751e8b465ee728b)  -> (artifact id: 'b7d60143d7140883105cc571e99b5784') in 0.164160 seconds 
========================================================================
Received Import Request.
  Time since last request: 1.423058 seconds.
  path: Assets/Zombie/FBXs/Zombie3.FBX
  artifactKey: Guid(a1b4b8144e2a4054199287da62cdd0da) Importer(815301076,1909f56bfc062723c751e8b465ee728b)
Start importing Assets/Zombie/FBXs/Zombie3.FBX using Guid(a1b4b8144e2a4054199287da62cdd0da) Importer(815301076,1909f56bfc062723c751e8b465ee728b)  -> (artifact id: '032a49ae1dc77076c8b571279e93860e') in 0.017067 seconds 
Editor requested this worker to shutdown with reason: Scaling down because of idle timeout
AssetImportWorker is now disconnected from the server
Process exiting
Exiting without the bug reporter. Application will terminate with return code 0