Using pre-set license
Built from '2021.3/staging' branch; Version is '2021.3.19f1 (c9714fde33b6) revision 13201743'; Using compiler version '192829333'; Build Type 'Release'
OS: 'Windows 11  (10.0.22631) 64bit Professional' Language: 'en' Physical Memory: 32522 MB
BatchMode: 1, IsHumanControllingUs: 0, StartBugReporterOnCrash: 0, Is64bit: 1, IsPro: 1

COMMAND LINE ARGUMENTS:
C:\Program Files\Unity 2021.3.19f1\Editor\Unity.exe
-adb2
-batchMode
-noUpm
-name
AssetImportWorker2
-projectPath
C:/Users/Dakota/Outbreak-VR
-logFile
Logs/AssetImportWorker2.log
-srvPort
61522
Successfully changed project path to: C:/Users/Dakota/Outbreak-VR
C:/Users/Dakota/Outbreak-VR
[UnityMemory] Configuration Parameters - Can be set up in boot.config
    "memorysetup-bucket-allocator-granularity=16"
    "memorysetup-bucket-allocator-bucket-count=8"
    "memorysetup-bucket-allocator-block-size=33554432"
    "memorysetup-bucket-allocator-block-count=8"
    "memorysetup-main-allocator-block-size=16777216"
    "memorysetup-thread-allocator-block-size=16777216"
    "memorysetup-gfx-main-allocator-block-size=16777216"
    "memorysetup-gfx-thread-allocator-block-size=16777216"
    "memorysetup-cache-allocator-block-size=4194304"
    "memorysetup-typetree-allocator-block-size=2097152"
    "memorysetup-profiler-bucket-allocator-granularity=16"
    "memorysetup-profiler-bucket-allocator-bucket-count=8"
    "memorysetup-profiler-bucket-allocator-block-size=33554432"
    "memorysetup-profiler-bucket-allocator-block-count=8"
    "memorysetup-profiler-allocator-block-size=16777216"
    "memorysetup-profiler-editor-allocator-block-size=1048576"
    "memorysetup-temp-allocator-size-main=16777216"
    "memorysetup-job-temp-allocator-block-size=2097152"
    "memorysetup-job-temp-allocator-block-size-background=1048576"
    "memorysetup-job-temp-allocator-reduction-small-platforms=262144"
    "memorysetup-temp-allocator-size-background-worker=32768"
    "memorysetup-temp-allocator-size-job-worker=262144"
    "memorysetup-temp-allocator-size-preload-manager=33554432"
    "memorysetup-temp-allocator-size-nav-mesh-worker=65536"
    "memorysetup-temp-allocator-size-audio-worker=65536"
    "memorysetup-temp-allocator-size-cloud-worker=32768"
    "memorysetup-temp-allocator-size-gi-baking-worker=262144"
    "memorysetup-temp-allocator-size-gfx=262144"
Player connection [60804] Host "[IP] 192.168.1.129 [Port] 0 [Flags] 2 [Guid] 245903667 [EditorId] 245903667 [Version] 1048832 [Id] WindowsEditor(7,Swizops-101617) [Debug] 1 [PackageName] WindowsEditor [ProjectName] Editor" joined multi-casting on [225.0.0.222:54997]...

Player connection [60804] Host "[IP] 192.168.1.129 [Port] 0 [Flags] 2 [Guid] 245903667 [EditorId] 245903667 [Version] 1048832 [Id] WindowsEditor(7,Swizops-101617) [Debug] 1 [PackageName] WindowsEditor [ProjectName] Editor" joined alternative multi-casting on [225.0.0.222:34997]...

Refreshing native plugins compatible for Editor in 61.67 ms, found 4 plugins.
Preloading 0 native plugins for Editor in 0.00 ms.
Initialize engine version: 2021.3.19f1 (c9714fde33b6)
[Subsystems] Discovering subsystems at path C:/Program Files/Unity 2021.3.19f1/Editor/Data/Resources/UnitySubsystems
[Subsystems] Discovering subsystems at path C:/Users/Dakota/Outbreak-VR/Assets
GfxDevice: creating device client; threaded=0; jobified=0
Direct3D:
    Version:  Direct3D 11.0 [level 11.1]
    Renderer: NVIDIA GeForce RTX 4080 (ID=0x2704)
    Vendor:   NVIDIA
    VRAM:     16050 MB
    Driver:   32.0.15.7216
Initialize mono
Mono path[0] = 'C:/Program Files/Unity 2021.3.19f1/Editor/Data/Managed'
Mono path[1] = 'C:/Program Files/Unity 2021.3.19f1/Editor/Data/MonoBleedingEdge/lib/mono/unityjit-win32'
Mono config path = 'C:/Program Files/Unity 2021.3.19f1/Editor/Data/MonoBleedingEdge/etc'
Using monoOptions --debugger-agent=transport=dt_socket,embedding=1,server=y,suspend=n,address=127.0.0.1:56800
Begin MonoManager ReloadAssembly
Registering precompiled unity dll's ...
Register platform support module: C:/Program Files/Unity 2021.3.19f1/Editor/Data/PlaybackEngines/WindowsStandaloneSupport/UnityEditor.WindowsStandalone.Extensions.dll
Registered in 0.002032 seconds.
Native extension for WindowsStandalone target not found
Refreshing native plugins compatible for Editor in 56.62 ms, found 4 plugins.
Preloading 0 native plugins for Editor in 0.00 ms.
Mono: successfully reloaded assembly
- Completed reload, in  0.331 seconds
Domain Reload Profiling:
	ReloadAssembly (332ms)
		BeginReloadAssembly (38ms)
			ExecutionOrderSort (0ms)
			DisableScriptedObjects (0ms)
			BackupInstance (0ms)
			ReleaseScriptingObjects (0ms)
			CreateAndSetChildDomain (0ms)
		EndReloadAssembly (241ms)
			LoadAssemblies (36ms)
			RebuildTransferFunctionScriptingTraits (0ms)
			SetupTypeCache (49ms)
			ReleaseScriptCaches (0ms)
			RebuildScriptCaches (13ms)
			SetupLoadedEditorAssemblies (152ms)
				LogAssemblyErrors (0ms)
				InitializePlatformSupportModulesInManaged (4ms)
				SetLoadedEditorAssemblies (0ms)
				RefreshPlugins (57ms)
				BeforeProcessingInitializeOnLoad (1ms)
				ProcessInitializeOnLoadAttributes (68ms)
				ProcessInitializeOnLoadMethodAttributes (22ms)
				AfterProcessingInitializeOnLoad (0ms)
				EditorAssembliesLoaded (0ms)
			ExecutionOrderSort2 (0ms)
			AwakeInstancesAfterBackupRestoration (0ms)
Platform modules already initialized, skipping
Registering precompiled user dll's ...
Registered in 0.002331 seconds.
Begin MonoManager ReloadAssembly
Symbol file LoadedFromMemory doesn't match image C:\Users\Dakota\Outbreak-VR\Library\PackageCache\com.unity.visualscripting@1.8.0\Editor\VisualScripting.Core\Dependencies\YamlDotNet\Unity.VisualScripting.YamlDotNet.dll
Symbol file LoadedFromMemory doesn't match image C:\Users\Dakota\Outbreak-VR\Library\PackageCache\com.unity.visualscripting@1.8.0\Editor\VisualScripting.Core\Dependencies\DotNetZip\Unity.VisualScripting.IonicZip.dll
Native extension for WindowsStandalone target not found
Refreshing native plugins compatible for Editor in 57.62 ms, found 4 plugins.
Preloading 0 native plugins for Editor in 0.00 ms.
Package Manager log level set to [2]
Mono: successfully reloaded assembly
- Completed reload, in  0.628 seconds
Domain Reload Profiling:
	ReloadAssembly (628ms)
		BeginReloadAssembly (55ms)
			ExecutionOrderSort (0ms)
			DisableScriptedObjects (3ms)
			BackupInstance (0ms)
			ReleaseScriptingObjects (0ms)
			CreateAndSetChildDomain (10ms)
		EndReloadAssembly (515ms)
			LoadAssemblies (44ms)
			RebuildTransferFunctionScriptingTraits (0ms)
			SetupTypeCache (125ms)
			ReleaseScriptCaches (0ms)
			RebuildScriptCaches (32ms)
			SetupLoadedEditorAssemblies (289ms)
				LogAssemblyErrors (0ms)
				InitializePlatformSupportModulesInManaged (2ms)
				SetLoadedEditorAssemblies (0ms)
				RefreshPlugins (58ms)
				BeforeProcessingInitializeOnLoad (52ms)
				ProcessInitializeOnLoadAttributes (138ms)
				ProcessInitializeOnLoadMethodAttributes (36ms)
				AfterProcessingInitializeOnLoad (4ms)
				EditorAssembliesLoaded (0ms)
			ExecutionOrderSort2 (0ms)
			AwakeInstancesAfterBackupRestoration (4ms)
Platform modules already initialized, skipping
========================================================================
Worker process is ready to serve import requests
Launched and connected shader compiler UnityShaderCompiler.exe after 0.04 seconds
Refreshing native plugins compatible for Editor in 0.96 ms, found 4 plugins.
Preloading 0 native plugins for Editor in 0.00 ms.
Unloading 4644 Unused Serialized files (Serialized files now loaded: 0)
Unloading 50 unused Assets / (2.0 MB). Loaded Objects now: 5097.
Memory consumption went from 210.4 MB to 208.4 MB.
Total: 2.766300 ms (FindLiveObjects: 0.281100 ms CreateObjectMapping: 0.112300 ms MarkObjects: 2.021800 ms  DeleteObjects: 0.350300 ms)

AssetImportParameters requested are different than current active one (requested -> active):
  custom:video-decoder-ogg-theora: a1e56fd34408186e4bbccfd4996cb3dc -> 
  custom:container-muxer-webm: aa71ff27fc2769a1b78a27578f13a17b -> 
  custom:container-demuxer-webm: 4f35f7cbe854078d1ac9338744f61a02 -> 
  custom:video-encoder-webm-vp8: eb34c28f22e8b96e1ab97ce403110664 -> 
  custom:video-codec-MediaFoundation-h265: 746d11721c4dcdbdad8f713fa42b33f4 -> 
  custom:audio-encoder-webm-vorbis: bf7c407c2cedff20999df2af8eb42d56 -> 
  custom:framework-win-MediaFoundation: 216162199b28c13a410421893ffa2e32 -> 
  custom:container-demuxer-ogg: 62fdf1f143b41e24485cea50d1cbac27 -> 
  custom:video-decoder-webm-vp8: 9c59270c3fd7afecdb556c50c9e8de78 -> 
  custom:audio-decoder-ogg-vorbis: bf7c407c2cedff20999df2af8eb42d56 -> 
========================================================================
Received Import Request.
  Time since last request: 112839.538880 seconds.
  path: Assets/Furniture/Prefabs/3Seat2.prefab
  artifactKey: Guid(bd72486aa780d7c488fce4c5de88266f) Importer(815301076,1909f56bfc062723c751e8b465ee728b)
Start importing Assets/Furniture/Prefabs/3Seat2.prefab using Guid(bd72486aa780d7c488fce4c5de88266f) Importer(815301076,1909f56bfc062723c751e8b465ee728b)  -> (artifact id: 'bc664a6cdad3f8d7f776b1bfe0244313') in 0.204623 seconds 
========================================================================
Received Import Request.
  Time since last request: 0.000018 seconds.
  path: Assets/Furniture/Prefabs/Closet3.prefab
  artifactKey: Guid(c24cdd6fcf1f09248832426ea5388c7f) Importer(815301076,1909f56bfc062723c751e8b465ee728b)
Start importing Assets/Furniture/Prefabs/Closet3.prefab using Guid(c24cdd6fcf1f09248832426ea5388c7f) Importer(815301076,1909f56bfc062723c751e8b465ee728b)  -> (artifact id: '6ac1ecf7fee7449222c24ebecac4caaa') in 0.018669 seconds 
========================================================================
Received Import Request.
  Time since last request: 0.000020 seconds.
  path: Assets/LowPolyMetalRack/Prefabs/BoardShelf D.prefab
  artifactKey: Guid(ef27fec05dc353e47afc629dbf165b17) Importer(815301076,1909f56bfc062723c751e8b465ee728b)
Start importing Assets/LowPolyMetalRack/Prefabs/BoardShelf D.prefab using Guid(ef27fec05dc353e47afc629dbf165b17) Importer(815301076,1909f56bfc062723c751e8b465ee728b)  -> (artifact id: 'b483ee090a5dcf919dc9e53203d0e53d') in 0.110066 seconds 
========================================================================
Received Import Request.
  Time since last request: 0.000016 seconds.
  path: Assets/ScifiFacility/Prefabs/structural/walls/column_04_connector.prefab
  artifactKey: Guid(5c5071e698513a54e9f1cbd74067c832) Importer(815301076,1909f56bfc062723c751e8b465ee728b)
Start importing Assets/ScifiFacility/Prefabs/structural/walls/column_04_connector.prefab using Guid(5c5071e698513a54e9f1cbd74067c832) Importer(815301076,1909f56bfc062723c751e8b465ee728b)  -> (artifact id: '7533f4a1d80f7804b26d28fce6d6a4e3') in 0.189899 seconds 
========================================================================
Received Import Request.
  Time since last request: 0.000015 seconds.
  path: Assets/ScifiFacility/Prefabs/props/Barricade3.prefab
  artifactKey: Guid(211375e9585e92d4c926e6e9ae44085b) Importer(815301076,1909f56bfc062723c751e8b465ee728b)
Start importing Assets/ScifiFacility/Prefabs/props/Barricade3.prefab using Guid(211375e9585e92d4c926e6e9ae44085b) Importer(815301076,1909f56bfc062723c751e8b465ee728b)  -> (artifact id: '9a5d9551254570efd78834f1ad23cca6') in 0.228921 seconds 
========================================================================
Received Import Request.
  Time since last request: 0.000021 seconds.
  path: Assets/WarehouseConstructionSet/Prefabs/Props_built/big_shelf_second_floor (1).prefab
  artifactKey: Guid(ca650308cccdf3047aedfb95cc417af5) Importer(815301076,1909f56bfc062723c751e8b465ee728b)
Start importing Assets/WarehouseConstructionSet/Prefabs/Props_built/big_shelf_second_floor (1).prefab using Guid(ca650308cccdf3047aedfb95cc417af5) Importer(815301076,1909f56bfc062723c751e8b465ee728b)  -> (artifact id: '1a02a5c0c8a56ebb9ec961965a9df6d0') in 0.164881 seconds 
========================================================================
Received Import Request.
  Time since last request: 0.000011 seconds.
  path: Assets/WarehouseConstructionSet/Prefabs/Props_interior/big_shelf.prefab
  artifactKey: Guid(8b97c5e618e44ce4a9ac2794a2736d57) Importer(815301076,1909f56bfc062723c751e8b465ee728b)
Start importing Assets/WarehouseConstructionSet/Prefabs/Props_interior/big_shelf.prefab using Guid(8b97c5e618e44ce4a9ac2794a2736d57) Importer(815301076,1909f56bfc062723c751e8b465ee728b)  -> (artifact id: '031335156be50d57b40a3e6aa4106e9c') in 0.016553 seconds 
========================================================================
Received Import Request.
  Time since last request: 0.000011 seconds.
  path: Assets/ScifiFacility/Prefabs/structural/ceiling/ceiling_07.prefab
  artifactKey: Guid(72b742af4df61b4479e26c73e6f8bac6) Importer(815301076,1909f56bfc062723c751e8b465ee728b)
Start importing Assets/ScifiFacility/Prefabs/structural/ceiling/ceiling_07.prefab using Guid(72b742af4df61b4479e26c73e6f8bac6) Importer(815301076,1909f56bfc062723c751e8b465ee728b)  -> (artifact id: '6671b7321867982b2869d8221c04e1ab') in 0.142486 seconds 
========================================================================
Received Import Request.
  Time since last request: 0.000015 seconds.
  path: Assets/WarehouseConstructionSet/Prefabs/Props_built/boxes_on_palette_and_palette.prefab
  artifactKey: Guid(3cfe204e8b13db7439022e9df40bd5be) Importer(815301076,1909f56bfc062723c751e8b465ee728b)
Start importing Assets/WarehouseConstructionSet/Prefabs/Props_built/boxes_on_palette_and_palette.prefab using Guid(3cfe204e8b13db7439022e9df40bd5be) Importer(815301076,1909f56bfc062723c751e8b465ee728b)  -> (artifact id: 'b0359c2f530ec201c18f4ffdc096ee1f') in 0.025986 seconds 
========================================================================
Received Import Request.
  Time since last request: 0.000021 seconds.
  path: Assets/ScifiFacility/Prefabs/props/details/controlpanels/controlpanel_04.prefab
  artifactKey: Guid(5e8dc2d6986b0fe439b10489d36822dc) Importer(815301076,1909f56bfc062723c751e8b465ee728b)
Start importing Assets/ScifiFacility/Prefabs/props/details/controlpanels/controlpanel_04.prefab using Guid(5e8dc2d6986b0fe439b10489d36822dc) Importer(815301076,1909f56bfc062723c751e8b465ee728b)  -> (artifact id: '64bc2bf525a91fb7025b42b770360438') in 0.095646 seconds 
========================================================================
Received Import Request.
  Time since last request: 0.000014 seconds.
  path: Assets/SteamVR/Prefabs/[CameraRig].prefab
  artifactKey: Guid(4d293c8e162f3874b982baadd71153d2) Importer(815301076,1909f56bfc062723c751e8b465ee728b)
Start importing Assets/SteamVR/Prefabs/[CameraRig].prefab using Guid(4d293c8e162f3874b982baadd71153d2) Importer(815301076,1909f56bfc062723c751e8b465ee728b)  -> (artifact id: 'ecc1705d4fb9b80b00945da5256203a6') in 0.017359 seconds 
========================================================================
Received Import Request.
  Time since last request: 0.000014 seconds.
  path: Assets/Prefabs/Assault Rifle/Assault Rifle Interactable.prefab
  artifactKey: Guid(08f70a1a6b555e441b0912643fb4b71c) Importer(815301076,1909f56bfc062723c751e8b465ee728b)
Start importing Assets/Prefabs/Assault Rifle/Assault Rifle Interactable.prefab using Guid(08f70a1a6b555e441b0912643fb4b71c) Importer(815301076,1909f56bfc062723c751e8b465ee728b)  -> (artifact id: '3a730ee8defcfc498dcd15e3a71a7b42') in 0.098669 seconds 
========================================================================
Received Import Request.
  Time since last request: 0.000016 seconds.
  path: Assets/Polygonmaker/Polygonmaker Animations/Undead/Anim_Zombie@run1_L.fbx
  artifactKey: Guid(289cc70ffab1be74fb063ce96e210c1f) Importer(815301076,1909f56bfc062723c751e8b465ee728b)
Start importing Assets/Polygonmaker/Polygonmaker Animations/Undead/Anim_Zombie@run1_L.fbx using Guid(289cc70ffab1be74fb063ce96e210c1f) Importer(815301076,1909f56bfc062723c751e8b465ee728b)  -> (artifact id: 'f96e944a6c057f6b91804693f51c2e28') in 0.052027 seconds 
========================================================================
Received Import Request.
  Time since last request: 0.000020 seconds.
  path: Assets/ScifiFacility/Models/furniture/bed_02.fbx
  artifactKey: Guid(cdee81c715bfe53488c9ce38b795d60c) Importer(815301076,1909f56bfc062723c751e8b465ee728b)
Start importing Assets/ScifiFacility/Models/furniture/bed_02.fbx using Guid(cdee81c715bfe53488c9ce38b795d60c) Importer(815301076,1909f56bfc062723c751e8b465ee728b)  -> (artifact id: '631eefe34133261d3e8aa0dc1e84b7a6') in 0.070215 seconds 
========================================================================
Received Import Request.
  Time since last request: 0.000013 seconds.
  path: Assets/Polygonmaker/Polygonmaker Animations/Undead/Anim_Zombie@walk1_L_inplace.fbx
  artifactKey: Guid(12d33da286ff54e439e3e8b8fc478f58) Importer(815301076,1909f56bfc062723c751e8b465ee728b)
Start importing Assets/Polygonmaker/Polygonmaker Animations/Undead/Anim_Zombie@walk1_L_inplace.fbx using Guid(12d33da286ff54e439e3e8b8fc478f58) Importer(815301076,1909f56bfc062723c751e8b465ee728b)  -> (artifact id: '47c6db0d66fd45b8c7ad09d893742ff9') in 0.024444 seconds 
========================================================================
Received Import Request.
  Time since last request: 0.000016 seconds.
  path: Assets/ScifiFacility/Models/structural/walls/column_04.fbx
  artifactKey: Guid(77b79d825c16f2242948001a56d8dd54) Importer(815301076,1909f56bfc062723c751e8b465ee728b)
Start importing Assets/ScifiFacility/Models/structural/walls/column_04.fbx using Guid(77b79d825c16f2242948001a56d8dd54) Importer(815301076,1909f56bfc062723c751e8b465ee728b)  -> (artifact id: '1d821ae6c17d6d75b28fdbcc19c3c41e') in 0.020373 seconds 
========================================================================
Received Import Request.
  Time since last request: 0.000012 seconds.
  path: Assets/Polygonmaker/Polygonmaker Animations/Undead/Anim_Zombie@idle.FBX
  artifactKey: Guid(26e723379bebdd747840d9c60fa5c72f) Importer(815301076,1909f56bfc062723c751e8b465ee728b)
Start importing Assets/Polygonmaker/Polygonmaker Animations/Undead/Anim_Zombie@idle.FBX using Guid(26e723379bebdd747840d9c60fa5c72f) Importer(815301076,1909f56bfc062723c751e8b465ee728b)  -> (artifact id: 'd4a7aeb9a5905c0f9202e438b0c1ad50') in 0.018317 seconds 
========================================================================
Received Import Request.
  Time since last request: 0.000016 seconds.
  path: Assets/Furniture/Source/Mesh/chair.fbx
  artifactKey: Guid(a65804b782e378e46a402e06983b7be4) Importer(815301076,1909f56bfc062723c751e8b465ee728b)
Start importing Assets/Furniture/Source/Mesh/chair.fbx using Guid(a65804b782e378e46a402e06983b7be4) Importer(815301076,1909f56bfc062723c751e8b465ee728b)  -> (artifact id: '8f0b5621ca36f510795656ec149d879f') in 0.016384 seconds 
========================================================================
Received Import Request.
  Time since last request: 0.000012 seconds.
  path: Assets/SteamVR/InteractionSystem/Longbow/Models/Balloon.fbx
  artifactKey: Guid(8c0fbd56181ea0843b1596b4cb0e5498) Importer(815301076,1909f56bfc062723c751e8b465ee728b)
Start importing Assets/SteamVR/InteractionSystem/Longbow/Models/Balloon.fbx using Guid(8c0fbd56181ea0843b1596b4cb0e5498) Importer(815301076,1909f56bfc062723c751e8b465ee728b)  -> (artifact id: '622ef63a0473b16034eb41746c691dd2') in 0.012472 seconds 
========================================================================
Received Import Request.
  Time since last request: 0.000013 seconds.
  path: Assets/Polygonmaker/Polygonmaker Animations/Undead/Anim_Zombie@run1_R_inplace.fbx
  artifactKey: Guid(81e6d68ff4c841b4c8a5af9ae8f31db0) Importer(815301076,1909f56bfc062723c751e8b465ee728b)
Start importing Assets/Polygonmaker/Polygonmaker Animations/Undead/Anim_Zombie@run1_R_inplace.fbx using Guid(81e6d68ff4c841b4c8a5af9ae8f31db0) Importer(815301076,1909f56bfc062723c751e8b465ee728b)  -> (artifact id: 'c99ca20451f7affe11500d62b796401d') in 0.025185 seconds 
========================================================================
Received Import Request.
  Time since last request: 0.000018 seconds.
  path: Assets/UnityTechnologies/ParticlePack/Shared/Environment/Models/AreaLine.fbx
  artifactKey: Guid(534f375dff9795c4baa527015ef28ddb) Importer(815301076,1909f56bfc062723c751e8b465ee728b)
Start importing Assets/UnityTechnologies/ParticlePack/Shared/Environment/Models/AreaLine.fbx using Guid(534f375dff9795c4baa527015ef28ddb) Importer(815301076,1909f56bfc062723c751e8b465ee728b)  -> (artifact id: '2aea3752a5cd880445e1a9737b90ba86') in 0.132212 seconds 
========================================================================
Received Import Request.
  Time since last request: 0.000022 seconds.
  path: Assets/Polygonmaker/Polygonmaker Animations/Undead/Anim_Zombie@standup.FBX
  artifactKey: Guid(2926b7fc2b31bc649afcffd8f6cd7be5) Importer(815301076,1909f56bfc062723c751e8b465ee728b)
Start importing Assets/Polygonmaker/Polygonmaker Animations/Undead/Anim_Zombie@standup.FBX using Guid(2926b7fc2b31bc649afcffd8f6cd7be5) Importer(815301076,1909f56bfc062723c751e8b465ee728b)  -> (artifact id: 'b8573643765e0b7ed8a4ffa0d9d0ce16') in 0.018239 seconds 
========================================================================
Received Import Request.
  Time since last request: 0.000016 seconds.
  path: Assets/MentalDreamsAssets/PropsPack/Mesh/Barrel/barrel.FBX
  artifactKey: Guid(83214336a895d6c4783299d8e625ceb9) Importer(815301076,1909f56bfc062723c751e8b465ee728b)
Start importing Assets/MentalDreamsAssets/PropsPack/Mesh/Barrel/barrel.FBX using Guid(83214336a895d6c4783299d8e625ceb9) Importer(815301076,1909f56bfc062723c751e8b465ee728b)  -> (artifact id: 'dfbfb451e67d253222662472d9aaed95') in 0.079607 seconds 
========================================================================
Received Import Request.
  Time since last request: 0.000016 seconds.
  path: Assets/SteamVR/InteractionSystem/Longbow/Prefabs/ArcheryWeeble.prefab
  artifactKey: Guid(7fe1fef3cfad86946b3a549d6934330b) Importer(815301076,1909f56bfc062723c751e8b465ee728b)
Start importing Assets/SteamVR/InteractionSystem/Longbow/Prefabs/ArcheryWeeble.prefab using Guid(7fe1fef3cfad86946b3a549d6934330b) Importer(815301076,1909f56bfc062723c751e8b465ee728b)  -> (artifact id: '0fd9559e94aa7264233b8422b3d0674f') in 0.038410 seconds 
========================================================================
Received Import Request.
  Time since last request: 0.000017 seconds.
  path: Assets/UnityTechnologies/ParticlePack/EffectExamples/Misc Effects/Animations/@EllenIdle.fbx
  artifactKey: Guid(73e3d6d0fdcfc1d4483701317ca34665) Importer(815301076,1909f56bfc062723c751e8b465ee728b)
Start importing Assets/UnityTechnologies/ParticlePack/EffectExamples/Misc Effects/Animations/@EllenIdle.fbx using Guid(73e3d6d0fdcfc1d4483701317ca34665) Importer(815301076,1909f56bfc062723c751e8b465ee728b)  -> (artifact id: '55c4bd1247a8900d9a05cb373e896d21') in 0.033020 seconds 
========================================================================
Received Import Request.
  Time since last request: 0.000018 seconds.
  path: Assets/Polygonmaker/Polygonmaker Animations/Undead/Anim_Zombie@walk2_L_inplace.fbx
  artifactKey: Guid(ef3a459ac189d4e439ef30ffd8c88070) Importer(815301076,1909f56bfc062723c751e8b465ee728b)
Start importing Assets/Polygonmaker/Polygonmaker Animations/Undead/Anim_Zombie@walk2_L_inplace.fbx using Guid(ef3a459ac189d4e439ef30ffd8c88070) Importer(815301076,1909f56bfc062723c751e8b465ee728b)  -> (artifact id: '94ac3c12b198debd24e4dbf71d53ad92') in 0.026108 seconds 
========================================================================
Received Import Request.
  Time since last request: 0.000015 seconds.
  path: Assets/Polygonmaker/Polygonmaker Animations/Undead/Anim_Zombie@walk1.FBX
  artifactKey: Guid(3ffc1e9f5a245144c937b30336d6e3f1) Importer(815301076,1909f56bfc062723c751e8b465ee728b)
Start importing Assets/Polygonmaker/Polygonmaker Animations/Undead/Anim_Zombie@walk1.FBX using Guid(3ffc1e9f5a245144c937b30336d6e3f1) Importer(815301076,1909f56bfc062723c751e8b465ee728b)  -> (artifact id: '688a47ef8ca12119ddb890ab694d7a20') in 0.021009 seconds 
========================================================================
Received Import Request.
  Time since last request: 0.000022 seconds.
  path: Assets/Polygonmaker/Polygonmaker Animations/Undead/Anim_Zombie@walk2_L.fbx
  artifactKey: Guid(f941f6d4813196a4688fbaad7c904171) Importer(815301076,1909f56bfc062723c751e8b465ee728b)
Start importing Assets/Polygonmaker/Polygonmaker Animations/Undead/Anim_Zombie@walk2_L.fbx using Guid(f941f6d4813196a4688fbaad7c904171) Importer(815301076,1909f56bfc062723c751e8b465ee728b)  -> (artifact id: 'c54a72d23039dc2cedc97e1a0b128c1c') in 0.028308 seconds 
========================================================================
Received Import Request.
  Time since last request: 0.000017 seconds.
  path: Assets/ScifiFacility/Prefabs/structural/ceiling/ceiling_01.prefab
  artifactKey: Guid(7496e07137906bb46ad08f91f0687938) Importer(815301076,1909f56bfc062723c751e8b465ee728b)
Start importing Assets/ScifiFacility/Prefabs/structural/ceiling/ceiling_01.prefab using Guid(7496e07137906bb46ad08f91f0687938) Importer(815301076,1909f56bfc062723c751e8b465ee728b)  -> (artifact id: 'a1e97fac710962f601d0f626082085b2') in 0.062804 seconds 
========================================================================
Received Import Request.
  Time since last request: 0.000014 seconds.
  path: Assets/Polygonmaker/Polygonmaker Animations/Undead/Anim_Zombie@taunt.FBX
  artifactKey: Guid(1960edeb68ac38f42b370cbc2bf1651a) Importer(815301076,1909f56bfc062723c751e8b465ee728b)
Start importing Assets/Polygonmaker/Polygonmaker Animations/Undead/Anim_Zombie@taunt.FBX using Guid(1960edeb68ac38f42b370cbc2bf1651a) Importer(815301076,1909f56bfc062723c751e8b465ee728b)  -> (artifact id: '1adb8ab0bedd6010b3a009effd39cd0f') in 0.021559 seconds 
========================================================================
Received Import Request.
  Time since last request: 0.000015 seconds.
  path: Assets/SteamVR/InteractionSystem/Longbow/Models/Arrow.fbx
  artifactKey: Guid(56377e28a47008245871ca7b435044c4) Importer(815301076,1909f56bfc062723c751e8b465ee728b)
Start importing Assets/SteamVR/InteractionSystem/Longbow/Models/Arrow.fbx using Guid(56377e28a47008245871ca7b435044c4) Importer(815301076,1909f56bfc062723c751e8b465ee728b)  -> (artifact id: 'f72dd733f7ef9008bfc2641e6e05cb4a') in 0.018818 seconds 
========================================================================
Received Import Request.
  Time since last request: 0.000016 seconds.
  path: Assets/SteamVR/InteractionSystem/Hints/Prefabs/ControllerTextHint.prefab
  artifactKey: Guid(5fa42bb9e52706a42b8a1eaf0b54326a) Importer(815301076,1909f56bfc062723c751e8b465ee728b)
Start importing Assets/SteamVR/InteractionSystem/Hints/Prefabs/ControllerTextHint.prefab using Guid(5fa42bb9e52706a42b8a1eaf0b54326a) Importer(815301076,1909f56bfc062723c751e8b465ee728b)  -> (artifact id: '72309179bb58949f88e5a47558c426d8') in 0.018983 seconds 
========================================================================
Received Import Request.
  Time since last request: 0.000015 seconds.
  path: Assets/Ammo/Resources/Geometry/Ammo_00.fbx
  artifactKey: Guid(7a0e149abd9d94e049d88f93cecca00d) Importer(815301076,1909f56bfc062723c751e8b465ee728b)
Start importing Assets/Ammo/Resources/Geometry/Ammo_00.fbx using Guid(7a0e149abd9d94e049d88f93cecca00d) Importer(815301076,1909f56bfc062723c751e8b465ee728b)  -> (artifact id: '41d5dae0fc6f900c186393934bc86ab3') in 0.024166 seconds 
========================================================================
Received Import Request.
  Time since last request: 0.000020 seconds.
  path: Assets/ScifiFacility/Models/structural/walls/column_05_prop_01.fbx
  artifactKey: Guid(3d8a2b5e44bd3ea4197181e05da3b154) Importer(815301076,1909f56bfc062723c751e8b465ee728b)
Start importing Assets/ScifiFacility/Models/structural/walls/column_05_prop_01.fbx using Guid(3d8a2b5e44bd3ea4197181e05da3b154) Importer(815301076,1909f56bfc062723c751e8b465ee728b)  -> (artifact id: '62d33946482f55655d1db1710821afdd') in 0.012154 seconds 
========================================================================
Received Import Request.
  Time since last request: 0.000022 seconds.
  path: Assets/Polygonmaker/Polygonmaker Animations/Undead/Anim_Zombie@ground-move.FBX
  artifactKey: Guid(25eb7adcdd262594782a577f9fae37f5) Importer(815301076,1909f56bfc062723c751e8b465ee728b)
Start importing Assets/Polygonmaker/Polygonmaker Animations/Undead/Anim_Zombie@ground-move.FBX using Guid(25eb7adcdd262594782a577f9fae37f5) Importer(815301076,1909f56bfc062723c751e8b465ee728b)  -> (artifact id: 'a4ef55441bd3907ab740efddd0538604') in 0.018100 seconds 
========================================================================
Received Import Request.
  Time since last request: 0.000018 seconds.
  path: Assets/Polygonmaker/Polygonmaker Animations/Undead/Anim_Zombie@walk3_inplace.FBX
  artifactKey: Guid(ea9782332f654fc489a248cd8b7bd713) Importer(815301076,1909f56bfc062723c751e8b465ee728b)
Start importing Assets/Polygonmaker/Polygonmaker Animations/Undead/Anim_Zombie@walk3_inplace.FBX using Guid(ea9782332f654fc489a248cd8b7bd713) Importer(815301076,1909f56bfc062723c751e8b465ee728b)  -> (artifact id: 'b668caccb3c0b4e9aba08204be8fd283') in 0.021554 seconds 
========================================================================
Received Import Request.
  Time since last request: 0.001545 seconds.
  path: Assets/ScifiFacility/Models/structural/walls/column_05.fbx
  artifactKey: Guid(c04409102b7110e44a902d98ebda2481) Importer(815301076,1909f56bfc062723c751e8b465ee728b)
Start importing Assets/ScifiFacility/Models/structural/walls/column_05.fbx using Guid(c04409102b7110e44a902d98ebda2481) Importer(815301076,1909f56bfc062723c751e8b465ee728b)  -> (artifact id: '04363867ef63e92ed810b4f2820a7cf7') in 0.037860 seconds 
========================================================================
Received Import Request.
  Time since last request: 0.000017 seconds.
  path: Assets/ScifiFacility/Models/furniture/chair_01.fbx
  artifactKey: Guid(5fd19d5376ac01542a3211ea8abb2f8c) Importer(815301076,1909f56bfc062723c751e8b465ee728b)
Start importing Assets/ScifiFacility/Models/furniture/chair_01.fbx using Guid(5fd19d5376ac01542a3211ea8abb2f8c) Importer(815301076,1909f56bfc062723c751e8b465ee728b)  -> (artifact id: '867d65f7b450df224f6e8179b9c7d4e3') in 0.026530 seconds 
========================================================================
Received Import Request.
  Time since last request: 0.000016 seconds.
  path: Assets/ScifiFacility/Models/furniture/chair_02.fbx
  artifactKey: Guid(0dbde9f94cff2d54e808d05638dba107) Importer(815301076,1909f56bfc062723c751e8b465ee728b)
Start importing Assets/ScifiFacility/Models/furniture/chair_02.fbx using Guid(0dbde9f94cff2d54e808d05638dba107) Importer(815301076,1909f56bfc062723c751e8b465ee728b)  -> (artifact id: 'b172e579ed03fdddaba783c28740b6df') in 0.025504 seconds 
========================================================================
Received Import Request.
  Time since last request: 0.000015 seconds.
  path: Assets/WarehouseConstructionSet/Source/Imports/box_iron.FBX
  artifactKey: Guid(affb9dcc3685e664e8471ea7ff7c29fc) Importer(815301076,1909f56bfc062723c751e8b465ee728b)
Start importing Assets/WarehouseConstructionSet/Source/Imports/box_iron.FBX using Guid(affb9dcc3685e664e8471ea7ff7c29fc) Importer(815301076,1909f56bfc062723c751e8b465ee728b)  -> (artifact id: 'd42b1db4b5f67ff2239d472fa19a2b99') in 0.021143 seconds 
========================================================================
Received Import Request.
  Time since last request: 0.000017 seconds.
  path: Assets/WarehouseConstructionSet/Source/Imports/air_conditioner_f.FBX
  artifactKey: Guid(ff61e1baa53ee574b879b2fbfb78e506) Importer(815301076,1909f56bfc062723c751e8b465ee728b)
Start importing Assets/WarehouseConstructionSet/Source/Imports/air_conditioner_f.FBX using Guid(ff61e1baa53ee574b879b2fbfb78e506) Importer(815301076,1909f56bfc062723c751e8b465ee728b)  -> (artifact id: '2bc37234c2bdf0e4cfa0453957d84528') in 0.023328 seconds 
========================================================================
Received Import Request.
  Time since last request: 0.000019 seconds.
  path: Assets/MentalDreamsAssets/PropsPack/Mesh/Box/box.fbx
  artifactKey: Guid(0ee24776eaaff2f44b5d0e68a329c070) Importer(815301076,1909f56bfc062723c751e8b465ee728b)
Start importing Assets/MentalDreamsAssets/PropsPack/Mesh/Box/box.fbx using Guid(0ee24776eaaff2f44b5d0e68a329c070) Importer(815301076,1909f56bfc062723c751e8b465ee728b)  -> (artifact id: '04305ed7c975e407517ac61046c0e5a1') in 0.165251 seconds 
========================================================================
Received Import Request.
  Time since last request: 0.000028 seconds.
  path: Assets/ScifiFacility/Materials/_ExampleMats/Theme_4/Base_Color_17.mat
  artifactKey: Guid(89a6b0b729c6d404d870bd815b7f5e06) Importer(815301076,1909f56bfc062723c751e8b465ee728b)
Start importing Assets/ScifiFacility/Materials/_ExampleMats/Theme_4/Base_Color_17.mat using Guid(89a6b0b729c6d404d870bd815b7f5e06) Importer(815301076,1909f56bfc062723c751e8b465ee728b)  -> (artifact id: 'c17668650936d843c63c8fc2d1b8a7ba') in 0.084370 seconds 
========================================================================
Received Import Request.
  Time since last request: 0.000043 seconds.
  path: Assets/ScifiFacility/Materials/Base_Plastic_02.mat
  artifactKey: Guid(838bcc406c74ec34ab0cdadbea878ca4) Importer(815301076,1909f56bfc062723c751e8b465ee728b)
Start importing Assets/ScifiFacility/Materials/Base_Plastic_02.mat using Guid(838bcc406c74ec34ab0cdadbea878ca4) Importer(815301076,1909f56bfc062723c751e8b465ee728b)  -> (artifact id: 'c5c0ccf6f997aad8d058561f33f66da7') in 0.059329 seconds 
========================================================================
Received Import Request.
  Time since last request: 0.000028 seconds.
  path: Assets/ScifiFacility/Materials/Base_Color_02.mat
  artifactKey: Guid(36804e3b7880f3143a6501fc68181ac4) Importer(815301076,1909f56bfc062723c751e8b465ee728b)
Start importing Assets/ScifiFacility/Materials/Base_Color_02.mat using Guid(36804e3b7880f3143a6501fc68181ac4) Importer(815301076,1909f56bfc062723c751e8b465ee728b)  -> (artifact id: 'fd8d4260c73a066b71a0b833c9a7a883') in 0.117666 seconds 
========================================================================
Received Import Request.
  Time since last request: 0.000028 seconds.
  path: Assets/ScifiFacility/Materials/Base_Metal_Elox_02.mat
  artifactKey: Guid(204092df59b8e4e499057a37621e3a41) Importer(815301076,1909f56bfc062723c751e8b465ee728b)
Start importing Assets/ScifiFacility/Materials/Base_Metal_Elox_02.mat using Guid(204092df59b8e4e499057a37621e3a41) Importer(815301076,1909f56bfc062723c751e8b465ee728b)  -> (artifact id: 'd5d8352e633a33d169735f88ca1889e3') in 0.065330 seconds 
========================================================================
Received Import Request.
  Time since last request: 0.000027 seconds.
  path: Assets/ScifiFacility/Materials/_ExampleMats/Theme_4/Base_Color_20.mat
  artifactKey: Guid(40ddde0037ff142678977da688368a5e) Importer(815301076,1909f56bfc062723c751e8b465ee728b)
Start importing Assets/ScifiFacility/Materials/_ExampleMats/Theme_4/Base_Color_20.mat using Guid(40ddde0037ff142678977da688368a5e) Importer(815301076,1909f56bfc062723c751e8b465ee728b)  -> (artifact id: '66e2f169923fcbcd59848290283ae02a') in 0.063258 seconds 
========================================================================
Received Import Request.
  Time since last request: 0.000094 seconds.
  path: Assets/SteamVR/Models/Materials/Abyss.mat
  artifactKey: Guid(9b01d7c0e4dfa854eb5dfe2624e27c0f) Importer(815301076,1909f56bfc062723c751e8b465ee728b)
Start importing Assets/SteamVR/Models/Materials/Abyss.mat using Guid(9b01d7c0e4dfa854eb5dfe2624e27c0f) Importer(815301076,1909f56bfc062723c751e8b465ee728b)  -> (artifact id: '014462c8bceb0ee244346299679764df') in 0.025594 seconds 
========================================================================
Received Import Request.
  Time since last request: 0.000017 seconds.
  path: Assets/ScifiFacility/Materials/Base_Metal_Elox_03.mat
  artifactKey: Guid(a1b9bd0aaca814145b9ebbcef4f33a65) Importer(815301076,1909f56bfc062723c751e8b465ee728b)
Start importing Assets/ScifiFacility/Materials/Base_Metal_Elox_03.mat using Guid(a1b9bd0aaca814145b9ebbcef4f33a65) Importer(815301076,1909f56bfc062723c751e8b465ee728b)  -> (artifact id: '9b5b7d84ffc764fff46a744542cbad84') in 0.039946 seconds 
========================================================================
Received Import Request.
  Time since last request: 0.000018 seconds.
  path: Assets/ScifiFacility/Materials/_ExampleMats/Theme_3/Base_Color_11.mat
  artifactKey: Guid(437a7be9fbfa448f085f42ae9e1d22aa) Importer(815301076,1909f56bfc062723c751e8b465ee728b)
Start importing Assets/ScifiFacility/Materials/_ExampleMats/Theme_3/Base_Color_11.mat using Guid(437a7be9fbfa448f085f42ae9e1d22aa) Importer(815301076,1909f56bfc062723c751e8b465ee728b)  -> (artifact id: '96e941c0354492aa0c48bb9f6946748a') in 0.061337 seconds 
========================================================================
Received Import Request.
  Time since last request: 0.000016 seconds.
  path: Assets/Polygonmaker/Polygonmaker Animations/_Source 1.2/Source/PolygonmakerRig_1-2_MeshBasic.FBX
  artifactKey: Guid(b72b3c635ec9b794e96772d4d074975f) Importer(815301076,1909f56bfc062723c751e8b465ee728b)
Start importing Assets/Polygonmaker/Polygonmaker Animations/_Source 1.2/Source/PolygonmakerRig_1-2_MeshBasic.FBX using Guid(b72b3c635ec9b794e96772d4d074975f) Importer(815301076,1909f56bfc062723c751e8b465ee728b)  -> (artifact id: 'afa3b1b9d1c476da633869e617c67af9') in 0.026269 seconds 
========================================================================
Received Import Request.
  Time since last request: 0.000012 seconds.
  path: Assets/NextGen Furniture Pack/Models/chair_7.FBX
  artifactKey: Guid(a82f640b7ad10594982d2c6279030e76) Importer(815301076,1909f56bfc062723c751e8b465ee728b)
Start importing Assets/NextGen Furniture Pack/Models/chair_7.FBX using Guid(a82f640b7ad10594982d2c6279030e76) Importer(815301076,1909f56bfc062723c751e8b465ee728b)  -> (artifact id: 'f41869f24fbac0712fea751acf7e2942') in 0.012607 seconds 
========================================================================
Received Import Request.
  Time since last request: 0.000044 seconds.
  path: Assets/UnityTechnologies/ParticlePack/EffectExamples/Misc Effects/Models/Candle.fbx
  artifactKey: Guid(47422950376b0d8458d22d6185bcdcb3) Importer(815301076,1909f56bfc062723c751e8b465ee728b)
Start importing Assets/UnityTechnologies/ParticlePack/EffectExamples/Misc Effects/Models/Candle.fbx using Guid(47422950376b0d8458d22d6185bcdcb3) Importer(815301076,1909f56bfc062723c751e8b465ee728b)  -> (artifact id: 'f2d3d2ce207f54d16ab1777e1b1ad5db') in 0.011996 seconds 
========================================================================
Received Import Request.
  Time since last request: 0.000016 seconds.
  path: Assets/Polygonmaker/Polygonmaker Animations/Undead/Anim_Zombie@walk2_back.fbx
  artifactKey: Guid(cea8a1945c6c24c44a487bb02c3b34a8) Importer(815301076,1909f56bfc062723c751e8b465ee728b)
Start importing Assets/Polygonmaker/Polygonmaker Animations/Undead/Anim_Zombie@walk2_back.fbx using Guid(cea8a1945c6c24c44a487bb02c3b34a8) Importer(815301076,1909f56bfc062723c751e8b465ee728b)  -> (artifact id: 'fc0f3f53d004fbfcd4849fdea60419bd') in 0.023820 seconds 
========================================================================
Received Import Request.
  Time since last request: 0.000016 seconds.
  path: Assets/ScifiFacility/Materials/_ExampleMats/Theme_1/Base_Color_20.mat
  artifactKey: Guid(85c48980920ae4eaaaa93e87d8ff598f) Importer(815301076,1909f56bfc062723c751e8b465ee728b)
Start importing Assets/ScifiFacility/Materials/_ExampleMats/Theme_1/Base_Color_20.mat using Guid(85c48980920ae4eaaaa93e87d8ff598f) Importer(815301076,1909f56bfc062723c751e8b465ee728b)  -> (artifact id: '8c0d35fa69bd44ece894f10f251a1fbd') in 0.053616 seconds 
========================================================================
Received Import Request.
  Time since last request: 0.000024 seconds.
  path: Assets/ScifiFacility/Models/furniture/bed.fbx
  artifactKey: Guid(e91f0c40c2041c14084d655284cf1b89) Importer(815301076,1909f56bfc062723c751e8b465ee728b)
Start importing Assets/ScifiFacility/Models/furniture/bed.fbx using Guid(e91f0c40c2041c14084d655284cf1b89) Importer(815301076,1909f56bfc062723c751e8b465ee728b)  -> (artifact id: '3d738dfae1b0f99aa64c0058cfd164b1') in 0.040586 seconds 
========================================================================
Received Import Request.
  Time since last request: 0.000015 seconds.
  path: Assets/ScifiFacility/Models/structural/walls/column_01_base.fbx
  artifactKey: Guid(efc924a94770f5241a5859a17e60ebaf) Importer(815301076,1909f56bfc062723c751e8b465ee728b)
Start importing Assets/ScifiFacility/Models/structural/walls/column_01_base.fbx using Guid(efc924a94770f5241a5859a17e60ebaf) Importer(815301076,1909f56bfc062723c751e8b465ee728b)  -> (artifact id: '41ff0a87f0fc7dee5bb3d27da45d60c3') in 0.022295 seconds 
========================================================================
Received Import Request.
  Time since last request: 0.000014 seconds.
  path: Assets/WarehouseConstructionSet/Source/Imports/Barricade.FBX
  artifactKey: Guid(7faefbbd69305d34fbbb12302d7f06fc) Importer(815301076,1909f56bfc062723c751e8b465ee728b)
Start importing Assets/WarehouseConstructionSet/Source/Imports/Barricade.FBX using Guid(7faefbbd69305d34fbbb12302d7f06fc) Importer(815301076,1909f56bfc062723c751e8b465ee728b)  -> (artifact id: '9d4dbf163934cae602b5a194cb874c79') in 0.019477 seconds 
========================================================================
Received Import Request.
  Time since last request: 0.000014 seconds.
  path: Assets/Radios/Mesh/Radio.FBX
  artifactKey: Guid(ba4536a3cfd05624eb9fd23013674f4b) Importer(815301076,1909f56bfc062723c751e8b465ee728b)
Start importing Assets/Radios/Mesh/Radio.FBX using Guid(ba4536a3cfd05624eb9fd23013674f4b) Importer(815301076,1909f56bfc062723c751e8b465ee728b)  -> (artifact id: 'b88d885a1d9ee71a409d0dda62c74e02') in 0.018547 seconds 
========================================================================
Received Import Request.
  Time since last request: 0.000017 seconds.
  path: Assets/ScifiFacility/Materials/_ExampleMats/Theme_1/Base_Color_16.mat
  artifactKey: Guid(16be5a155bf0746ccbe7e650e0809ffd) Importer(815301076,1909f56bfc062723c751e8b465ee728b)
Start importing Assets/ScifiFacility/Materials/_ExampleMats/Theme_1/Base_Color_16.mat using Guid(16be5a155bf0746ccbe7e650e0809ffd) Importer(815301076,1909f56bfc062723c751e8b465ee728b)  -> (artifact id: 'd7b1d447eca4d57d9d7e267a240fdebd') in 0.056281 seconds 
========================================================================
Received Import Request.
  Time since last request: 0.000015 seconds.
  path: Assets/Barril pack/Materials/Barrel.mat
  artifactKey: Guid(cb3fd1eb60f219f41a34ac9db5f77d8a) Importer(815301076,1909f56bfc062723c751e8b465ee728b)
Start importing Assets/Barril pack/Materials/Barrel.mat using Guid(cb3fd1eb60f219f41a34ac9db5f77d8a) Importer(815301076,1909f56bfc062723c751e8b465ee728b)  -> (artifact id: 'd16b1e184d55197928763bf83da07219') in 0.071033 seconds 
========================================================================
Received Import Request.
  Time since last request: 0.000017 seconds.
  path: Assets/NextGen Furniture Pack/Models/chair_1.FBX
  artifactKey: Guid(733d1a9ed77181d4381118930e3fbc63) Importer(815301076,1909f56bfc062723c751e8b465ee728b)
Start importing Assets/NextGen Furniture Pack/Models/chair_1.FBX using Guid(733d1a9ed77181d4381118930e3fbc63) Importer(815301076,1909f56bfc062723c751e8b465ee728b)  -> (artifact id: 'e502e4a4b9e2e5cd780800fa25f1434f') in 0.014247 seconds 
========================================================================
Received Import Request.
  Time since last request: 0.000026 seconds.
  path: Assets/NextGen Furniture Pack/Prefabs/commode_2.prefab
  artifactKey: Guid(74c90628c4e104842901b69c75100c78) Importer(815301076,1909f56bfc062723c751e8b465ee728b)
Start importing Assets/NextGen Furniture Pack/Prefabs/commode_2.prefab using Guid(74c90628c4e104842901b69c75100c78) Importer(815301076,1909f56bfc062723c751e8b465ee728b)  -> (artifact id: 'f28cec09d11999a6b43e3d10a0733fca') in 0.131621 seconds 
========================================================================
Received Import Request.
  Time since last request: 0.000012 seconds.
  path: Assets/ScifiFacility/Materials/_ExampleMats/Theme_2/Base_Color_11.mat
  artifactKey: Guid(b965045a3c19b4eae9712dcba7b619de) Importer(815301076,1909f56bfc062723c751e8b465ee728b)
Start importing Assets/ScifiFacility/Materials/_ExampleMats/Theme_2/Base_Color_11.mat using Guid(b965045a3c19b4eae9712dcba7b619de) Importer(815301076,1909f56bfc062723c751e8b465ee728b)  -> (artifact id: '5bd55b03528c4824fd77508ee51d8c50') in 0.055976 seconds 
========================================================================
Received Import Request.
  Time since last request: 0.000013 seconds.
  path: Assets/SteamVR/Prefabs/controller.prefab
  artifactKey: Guid(e789c2cc0c98a4c4198a4033fb8ccf96) Importer(815301076,1909f56bfc062723c751e8b465ee728b)
Start importing Assets/SteamVR/Prefabs/controller.prefab using Guid(e789c2cc0c98a4c4198a4033fb8ccf96) Importer(815301076,1909f56bfc062723c751e8b465ee728b)  -> (artifact id: '09f4d5f895c0dc8a40dbf4f3df2612d6') in 0.008821 seconds 
========================================================================
Received Import Request.
  Time since last request: 0.000014 seconds.
  path: Assets/ScifiFacility/Prefabs/props/details/controlpanels/controlpanel_06.prefab
  artifactKey: Guid(062df552a4c90694aba1bdf93026bca1) Importer(815301076,1909f56bfc062723c751e8b465ee728b)
Start importing Assets/ScifiFacility/Prefabs/props/details/controlpanels/controlpanel_06.prefab using Guid(062df552a4c90694aba1bdf93026bca1) Importer(815301076,1909f56bfc062723c751e8b465ee728b)  -> (artifact id: '3538ead7bf347da0bae679b46c1cf929') in 0.017309 seconds 
========================================================================
Received Import Request.
  Time since last request: 51.250693 seconds.
  path: Assets/Zombie/Animations/Zombie@Z_Idle.FBX
  artifactKey: Guid(0d6373858f853604b960cf84b7d3dfbf) Importer(815301076,1909f56bfc062723c751e8b465ee728b)
Start importing Assets/Zombie/Animations/Zombie@Z_Idle.FBX using Guid(0d6373858f853604b960cf84b7d3dfbf) Importer(815301076,1909f56bfc062723c751e8b465ee728b)  -> (artifact id: '64962ccc8d735f2e2fc342b936ab66a3') in 0.171831 seconds 
========================================================================
Received Import Request.
  Time since last request: 1.416669 seconds.
  path: Assets/Zombie/FBXs/Zombie2.FBX
  artifactKey: Guid(6a28a82791e0b224081a04d42d031ccf) Importer(815301076,1909f56bfc062723c751e8b465ee728b)
Start importing Assets/Zombie/FBXs/Zombie2.FBX using Guid(6a28a82791e0b224081a04d42d031ccf) Importer(815301076,1909f56bfc062723c751e8b465ee728b)  -> (artifact id: '5d31e891b4c759d5870362816ef84841') in 0.020122 seconds 
