Using pre-set license
Built from '2021.3/staging' branch; Version is '2021.3.19f1 (c9714fde33b6) revision 13201743'; Using compiler version '192829333'; Build Type 'Release'
OS: 'Windows 11  (10.0.22631) 64bit Professional' Language: 'en' Physical Memory: 32522 MB
BatchMode: 1, IsHumanControllingUs: 0, StartBugReporterOnCrash: 0, Is64bit: 1, IsPro: 1

COMMAND LINE ARGUMENTS:
C:\Program Files\Unity 2021.3.19f1\Editor\Unity.exe
-adb2
-batchMode
-noUpm
-name
AssetImportWorker4
-projectPath
C:/Users/Dakota/Outbreak-VR
-logFile
Logs/AssetImportWorker4.log
-srvPort
61522
Successfully changed project path to: C:/Users/Dakota/Outbreak-VR
C:/Users/Dakota/Outbreak-VR
[UnityMemory] Configuration Parameters - Can be set up in boot.config
    "memorysetup-bucket-allocator-granularity=16"
    "memorysetup-bucket-allocator-bucket-count=8"
    "memorysetup-bucket-allocator-block-size=33554432"
    "memorysetup-bucket-allocator-block-count=8"
    "memorysetup-main-allocator-block-size=16777216"
    "memorysetup-thread-allocator-block-size=16777216"
    "memorysetup-gfx-main-allocator-block-size=16777216"
    "memorysetup-gfx-thread-allocator-block-size=16777216"
    "memorysetup-cache-allocator-block-size=4194304"
    "memorysetup-typetree-allocator-block-size=2097152"
    "memorysetup-profiler-bucket-allocator-granularity=16"
    "memorysetup-profiler-bucket-allocator-bucket-count=8"
    "memorysetup-profiler-bucket-allocator-block-size=33554432"
    "memorysetup-profiler-bucket-allocator-block-count=8"
    "memorysetup-profiler-allocator-block-size=16777216"
    "memorysetup-profiler-editor-allocator-block-size=1048576"
    "memorysetup-temp-allocator-size-main=16777216"
    "memorysetup-job-temp-allocator-block-size=2097152"
    "memorysetup-job-temp-allocator-block-size-background=1048576"
    "memorysetup-job-temp-allocator-reduction-small-platforms=262144"
    "memorysetup-temp-allocator-size-background-worker=32768"
    "memorysetup-temp-allocator-size-job-worker=262144"
    "memorysetup-temp-allocator-size-preload-manager=33554432"
    "memorysetup-temp-allocator-size-nav-mesh-worker=65536"
    "memorysetup-temp-allocator-size-audio-worker=65536"
    "memorysetup-temp-allocator-size-cloud-worker=32768"
    "memorysetup-temp-allocator-size-gi-baking-worker=262144"
    "memorysetup-temp-allocator-size-gfx=262144"
Player connection [60876] Host "[IP] 192.168.1.129 [Port] 0 [Flags] 2 [Guid] 3122189848 [EditorId] 3122189848 [Version] 1048832 [Id] WindowsEditor(7,Swizops-101617) [Debug] 1 [PackageName] WindowsEditor [ProjectName] Editor" joined multi-casting on [225.0.0.222:54997]...

Player connection [60876] Host "[IP] 192.168.1.129 [Port] 0 [Flags] 2 [Guid] 3122189848 [EditorId] 3122189848 [Version] 1048832 [Id] WindowsEditor(7,Swizops-101617) [Debug] 1 [PackageName] WindowsEditor [ProjectName] Editor" joined alternative multi-casting on [225.0.0.222:34997]...

Refreshing native plugins compatible for Editor in 64.21 ms, found 4 plugins.
Preloading 0 native plugins for Editor in 0.00 ms.
Initialize engine version: 2021.3.19f1 (c9714fde33b6)
[Subsystems] Discovering subsystems at path C:/Program Files/Unity 2021.3.19f1/Editor/Data/Resources/UnitySubsystems
[Subsystems] Discovering subsystems at path C:/Users/Dakota/Outbreak-VR/Assets
GfxDevice: creating device client; threaded=0; jobified=0
Direct3D:
    Version:  Direct3D 11.0 [level 11.1]
    Renderer: NVIDIA GeForce RTX 4080 (ID=0x2704)
    Vendor:   NVIDIA
    VRAM:     16050 MB
    Driver:   32.0.15.7216
Initialize mono
Mono path[0] = 'C:/Program Files/Unity 2021.3.19f1/Editor/Data/Managed'
Mono path[1] = 'C:/Program Files/Unity 2021.3.19f1/Editor/Data/MonoBleedingEdge/lib/mono/unityjit-win32'
Mono config path = 'C:/Program Files/Unity 2021.3.19f1/Editor/Data/MonoBleedingEdge/etc'
Using monoOptions --debugger-agent=transport=dt_socket,embedding=1,server=y,suspend=n,address=127.0.0.1:56872
Begin MonoManager ReloadAssembly
Registering precompiled unity dll's ...
Register platform support module: C:/Program Files/Unity 2021.3.19f1/Editor/Data/PlaybackEngines/WindowsStandaloneSupport/UnityEditor.WindowsStandalone.Extensions.dll
Registered in 0.001943 seconds.
Native extension for WindowsStandalone target not found
Refreshing native plugins compatible for Editor in 57.19 ms, found 4 plugins.
Preloading 0 native plugins for Editor in 0.00 ms.
Mono: successfully reloaded assembly
- Completed reload, in  0.330 seconds
Domain Reload Profiling:
	ReloadAssembly (330ms)
		BeginReloadAssembly (36ms)
			ExecutionOrderSort (0ms)
			DisableScriptedObjects (0ms)
			BackupInstance (0ms)
			ReleaseScriptingObjects (0ms)
			CreateAndSetChildDomain (0ms)
		EndReloadAssembly (242ms)
			LoadAssemblies (34ms)
			RebuildTransferFunctionScriptingTraits (0ms)
			SetupTypeCache (50ms)
			ReleaseScriptCaches (0ms)
			RebuildScriptCaches (13ms)
			SetupLoadedEditorAssemblies (153ms)
				LogAssemblyErrors (0ms)
				InitializePlatformSupportModulesInManaged (4ms)
				SetLoadedEditorAssemblies (0ms)
				RefreshPlugins (57ms)
				BeforeProcessingInitializeOnLoad (1ms)
				ProcessInitializeOnLoadAttributes (68ms)
				ProcessInitializeOnLoadMethodAttributes (23ms)
				AfterProcessingInitializeOnLoad (0ms)
				EditorAssembliesLoaded (0ms)
			ExecutionOrderSort2 (0ms)
			AwakeInstancesAfterBackupRestoration (0ms)
Platform modules already initialized, skipping
Registering precompiled user dll's ...
Registered in 0.002219 seconds.
Begin MonoManager ReloadAssembly
Symbol file LoadedFromMemory doesn't match image C:\Users\Dakota\Outbreak-VR\Library\PackageCache\com.unity.visualscripting@1.8.0\Editor\VisualScripting.Core\Dependencies\YamlDotNet\Unity.VisualScripting.YamlDotNet.dll
Symbol file LoadedFromMemory doesn't match image C:\Users\Dakota\Outbreak-VR\Library\PackageCache\com.unity.visualscripting@1.8.0\Editor\VisualScripting.Core\Dependencies\DotNetZip\Unity.VisualScripting.IonicZip.dll
Native extension for WindowsStandalone target not found
Refreshing native plugins compatible for Editor in 58.17 ms, found 4 plugins.
Preloading 0 native plugins for Editor in 0.00 ms.
Package Manager log level set to [2]
Mono: successfully reloaded assembly
- Completed reload, in  0.623 seconds
Domain Reload Profiling:
	ReloadAssembly (624ms)
		BeginReloadAssembly (53ms)
			ExecutionOrderSort (0ms)
			DisableScriptedObjects (3ms)
			BackupInstance (0ms)
			ReleaseScriptingObjects (0ms)
			CreateAndSetChildDomain (10ms)
		EndReloadAssembly (513ms)
			LoadAssemblies (40ms)
			RebuildTransferFunctionScriptingTraits (0ms)
			SetupTypeCache (125ms)
			ReleaseScriptCaches (0ms)
			RebuildScriptCaches (33ms)
			SetupLoadedEditorAssemblies (290ms)
				LogAssemblyErrors (0ms)
				InitializePlatformSupportModulesInManaged (2ms)
				SetLoadedEditorAssemblies (0ms)
				RefreshPlugins (58ms)
				BeforeProcessingInitializeOnLoad (51ms)
				ProcessInitializeOnLoadAttributes (138ms)
				ProcessInitializeOnLoadMethodAttributes (37ms)
				AfterProcessingInitializeOnLoad (3ms)
				EditorAssembliesLoaded (0ms)
			ExecutionOrderSort2 (0ms)
			AwakeInstancesAfterBackupRestoration (3ms)
Platform modules already initialized, skipping
========================================================================
Worker process is ready to serve import requests
Launched and connected shader compiler UnityShaderCompiler.exe after 0.02 seconds
Refreshing native plugins compatible for Editor in 0.91 ms, found 4 plugins.
Preloading 0 native plugins for Editor in 0.00 ms.
Unloading 4644 Unused Serialized files (Serialized files now loaded: 0)
Unloading 50 unused Assets / (2.0 MB). Loaded Objects now: 5097.
Memory consumption went from 210.4 MB to 208.4 MB.
Total: 3.024000 ms (FindLiveObjects: 0.249200 ms CreateObjectMapping: 0.125500 ms MarkObjects: 2.224000 ms  DeleteObjects: 0.423700 ms)

AssetImportParameters requested are different than current active one (requested -> active):
  custom:video-decoder-ogg-theora: a1e56fd34408186e4bbccfd4996cb3dc -> 
  custom:container-muxer-webm: aa71ff27fc2769a1b78a27578f13a17b -> 
  custom:container-demuxer-webm: 4f35f7cbe854078d1ac9338744f61a02 -> 
  custom:video-encoder-webm-vp8: eb34c28f22e8b96e1ab97ce403110664 -> 
  custom:video-codec-MediaFoundation-h265: 746d11721c4dcdbdad8f713fa42b33f4 -> 
  custom:audio-encoder-webm-vorbis: bf7c407c2cedff20999df2af8eb42d56 -> 
  custom:framework-win-MediaFoundation: 216162199b28c13a410421893ffa2e32 -> 
  custom:container-demuxer-ogg: 62fdf1f143b41e24485cea50d1cbac27 -> 
  custom:video-decoder-webm-vp8: 9c59270c3fd7afecdb556c50c9e8de78 -> 
  custom:audio-decoder-ogg-vorbis: bf7c407c2cedff20999df2af8eb42d56 -> 
========================================================================
Received Import Request.
  Time since last request: 112826.167052 seconds.
  path: Packages/com.unity.ugui/package.json
  artifactKey: Guid(319b8889f363f5947acf209c17a94149) Importer(815301076,1909f56bfc062723c751e8b465ee728b)
Start importing Packages/com.unity.ugui/package.json using Guid(319b8889f363f5947acf209c17a94149) Importer(815301076,1909f56bfc062723c751e8b465ee728b)  -> (artifact id: '1002360e272cf591a214daa5cb5c75f8') in 0.025073 seconds 
========================================================================
Received Import Request.
  Time since last request: 10.531090 seconds.
  path: Packages/com.unity.ai.navigation/package.json
  artifactKey: Guid(fbee67e09f48e4652bfa085460c895c7) Importer(815301076,1909f56bfc062723c751e8b465ee728b)
Start importing Packages/com.unity.ai.navigation/package.json using Guid(fbee67e09f48e4652bfa085460c895c7) Importer(815301076,1909f56bfc062723c751e8b465ee728b)  -> (artifact id: 'c189ea04e9aab6d229f58c88b0b97e3c') in 0.001808 seconds 
========================================================================
Received Import Request.
  Time since last request: 2.806390 seconds.
  path: Assets/Furniture/Prefabs/3Seat.prefab
  artifactKey: Guid(4da9f6017c5c2954282fe23c8f297ec2) Importer(815301076,1909f56bfc062723c751e8b465ee728b)
Start importing Assets/Furniture/Prefabs/3Seat.prefab using Guid(4da9f6017c5c2954282fe23c8f297ec2) Importer(815301076,1909f56bfc062723c751e8b465ee728b)  -> (artifact id: 'c0880b93ebfd567f257acc48fecd1c6b') in 0.174962 seconds 
========================================================================
Received Import Request.
  Time since last request: 0.000013 seconds.
  path: Assets/SteamVR/InteractionSystem/Longbow/Prefabs/Balloon.prefab
  artifactKey: Guid(8e13c6e5a21aeea4db3c25ef0e529308) Importer(815301076,1909f56bfc062723c751e8b465ee728b)
Start importing Assets/SteamVR/InteractionSystem/Longbow/Prefabs/Balloon.prefab using Guid(8e13c6e5a21aeea4db3c25ef0e529308) Importer(815301076,1909f56bfc062723c751e8b465ee728b)  -> (artifact id: '45fcb4e5fcc5a6aa32e564633127a2d9') in 0.127526 seconds 
========================================================================
Received Import Request.
  Time since last request: 0.000013 seconds.
  path: Assets/ScifiFacility/Prefabs/props/details/controlpanels/controlpanel_01.prefab
  artifactKey: Guid(029928dcd0a69d04fbd6e1c6c6c19de2) Importer(815301076,1909f56bfc062723c751e8b465ee728b)
Start importing Assets/ScifiFacility/Prefabs/props/details/controlpanels/controlpanel_01.prefab using Guid(029928dcd0a69d04fbd6e1c6c6c19de2) Importer(815301076,1909f56bfc062723c751e8b465ee728b)  -> (artifact id: '1275ad389fefe44cd09fa2290e3bfcd6') in 0.100182 seconds 
========================================================================
Received Import Request.
  Time since last request: 0.000020 seconds.
  path: Assets/WarehouseConstructionSet/Prefabs/Props_interior/big_shelf_second_floor.prefab
  artifactKey: Guid(1fc2ee474c0ccf2489037c557e23e05f) Importer(815301076,1909f56bfc062723c751e8b465ee728b)
Start importing Assets/WarehouseConstructionSet/Prefabs/Props_interior/big_shelf_second_floor.prefab using Guid(1fc2ee474c0ccf2489037c557e23e05f) Importer(815301076,1909f56bfc062723c751e8b465ee728b)  -> (artifact id: '9a8bf546b33602c764419fb2a30bd46c') in 0.128799 seconds 
========================================================================
Received Import Request.
  Time since last request: 0.000011 seconds.
  path: Assets/NextGen Furniture Pack/Prefabs/chair_4.prefab
  artifactKey: Guid(52c5e5256a58df2448d0ef4c2038d4c4) Importer(815301076,1909f56bfc062723c751e8b465ee728b)
Start importing Assets/NextGen Furniture Pack/Prefabs/chair_4.prefab using Guid(52c5e5256a58df2448d0ef4c2038d4c4) Importer(815301076,1909f56bfc062723c751e8b465ee728b)  -> (artifact id: '29f203bbc6668eaecde4f21427a01e05') in 0.124994 seconds 
========================================================================
Received Import Request.
  Time since last request: 0.000014 seconds.
  path: Assets/Prefabs/Assault Rifle/Assault Rifle.prefab
  artifactKey: Guid(0e1147f8fe079524aabbfa3fc9f88e16) Importer(815301076,1909f56bfc062723c751e8b465ee728b)
Start importing Assets/Prefabs/Assault Rifle/Assault Rifle.prefab using Guid(0e1147f8fe079524aabbfa3fc9f88e16) Importer(815301076,1909f56bfc062723c751e8b465ee728b)  -> (artifact id: '3119c56f3a811d673734d478f23d0be5') in 0.147108 seconds 
========================================================================
Received Import Request.
  Time since last request: 0.000021 seconds.
  path: Assets/ScifiFacility/Prefabs/furniture/bed_02_base.prefab
  artifactKey: Guid(9fef98df97b06495ea63f70a7a8de052) Importer(815301076,1909f56bfc062723c751e8b465ee728b)
Start importing Assets/ScifiFacility/Prefabs/furniture/bed_02_base.prefab using Guid(9fef98df97b06495ea63f70a7a8de052) Importer(815301076,1909f56bfc062723c751e8b465ee728b)  -> (artifact id: 'f802171d3c0f0499bf901ab5c419ef75') in 0.195870 seconds 
========================================================================
Received Import Request.
  Time since last request: 0.000016 seconds.
  path: Assets/VectorAssets/Real Magazines/Prefabs/556x45 M855.prefab
  artifactKey: Guid(93b7daa08a8ac5e49b1cd8f320f62586) Importer(815301076,1909f56bfc062723c751e8b465ee728b)
Start importing Assets/VectorAssets/Real Magazines/Prefabs/556x45 M855.prefab using Guid(93b7daa08a8ac5e49b1cd8f320f62586) Importer(815301076,1909f56bfc062723c751e8b465ee728b)  -> (artifact id: '0d0557f5f79d37e226b9abfbad3fac15') in 0.018628 seconds 
========================================================================
Received Import Request.
  Time since last request: 0.000015 seconds.
  path: Assets/SteamVR/InteractionSystem/Samples/Prefabs/Buggy.prefab
  artifactKey: Guid(1e914d8e31fa95b488c87df17e68d504) Importer(815301076,1909f56bfc062723c751e8b465ee728b)
Start importing Assets/SteamVR/InteractionSystem/Samples/Prefabs/Buggy.prefab using Guid(1e914d8e31fa95b488c87df17e68d504) Importer(815301076,1909f56bfc062723c751e8b465ee728b)  -> (artifact id: 'f64ce019e47e1d4839a2450ad71df931') in 0.029024 seconds 
========================================================================
Received Import Request.
  Time since last request: 0.000019 seconds.
  path: Assets/Ammo/Prefabs/Ammo_00.prefab
  artifactKey: Guid(e43b9a471c8274a8fac6ae35c666fd0b) Importer(815301076,1909f56bfc062723c751e8b465ee728b)
Start importing Assets/Ammo/Prefabs/Ammo_00.prefab using Guid(e43b9a471c8274a8fac6ae35c666fd0b) Importer(815301076,1909f56bfc062723c751e8b465ee728b)  -> (artifact id: 'b20b5a9053c12c31b3c7bed00395bc6a') in 0.014441 seconds 
========================================================================
Received Import Request.
  Time since last request: 0.000014 seconds.
  path: Assets/ScifiFacility/Prefabs/props/details/controlpanels/controlpanel_05.prefab
  artifactKey: Guid(62a3f0667a579f048b4da1391ff58011) Importer(815301076,1909f56bfc062723c751e8b465ee728b)
Start importing Assets/ScifiFacility/Prefabs/props/details/controlpanels/controlpanel_05.prefab using Guid(62a3f0667a579f048b4da1391ff58011) Importer(815301076,1909f56bfc062723c751e8b465ee728b)  -> (artifact id: 'e32cf2c37ee43a534f6aba3545c3936d') in 0.015588 seconds 
========================================================================
Received Import Request.
  Time since last request: 0.000018 seconds.
  path: Assets/SteamVR/InteractionSystem/Longbow/Prefabs/BalloonPopNoSound.prefab
  artifactKey: Guid(a41945a8549c580408301691c2fd374e) Importer(815301076,1909f56bfc062723c751e8b465ee728b)
Start importing Assets/SteamVR/InteractionSystem/Longbow/Prefabs/BalloonPopNoSound.prefab using Guid(a41945a8549c580408301691c2fd374e) Importer(815301076,1909f56bfc062723c751e8b465ee728b)  -> (artifact id: '2f9bca30669243bc3c7b9e48e03038ad') in 0.034112 seconds 
========================================================================
Received Import Request.
  Time since last request: 0.000013 seconds.
  path: Assets/ScifiFacility/Prefabs/props/details/controlpanels/controlpanel_15.prefab
  artifactKey: Guid(09b962d0321262542ba16733876ac14a) Importer(815301076,1909f56bfc062723c751e8b465ee728b)
Start importing Assets/ScifiFacility/Prefabs/props/details/controlpanels/controlpanel_15.prefab using Guid(09b962d0321262542ba16733876ac14a) Importer(815301076,1909f56bfc062723c751e8b465ee728b)  -> (artifact id: 'cac44d10a98598d877e9d6e2d44fbc6c') in 0.042495 seconds 
========================================================================
Received Import Request.
  Time since last request: 0.000013 seconds.
  path: Assets/ScifiFacility/Prefabs/structural/ceiling/ceiling_08.prefab
  artifactKey: Guid(91f162da2a07e774782e354aa6028539) Importer(815301076,1909f56bfc062723c751e8b465ee728b)
Start importing Assets/ScifiFacility/Prefabs/structural/ceiling/ceiling_08.prefab using Guid(91f162da2a07e774782e354aa6028539) Importer(815301076,1909f56bfc062723c751e8b465ee728b)  -> (artifact id: 'b352e5533b2dcab2d0b9e415ef378d52') in 0.148542 seconds 
========================================================================
Received Import Request.
  Time since last request: 0.000017 seconds.
  path: Assets/Polygonmaker/Polygonmaker Animations/Undead/Anim_Zombie@ground-move_inplace.FBX
  artifactKey: Guid(a4be13c1933be59409d0a156f6f31230) Importer(815301076,1909f56bfc062723c751e8b465ee728b)
Start importing Assets/Polygonmaker/Polygonmaker Animations/Undead/Anim_Zombie@ground-move_inplace.FBX using Guid(a4be13c1933be59409d0a156f6f31230) Importer(815301076,1909f56bfc062723c751e8b465ee728b)  -> (artifact id: '7c2cb96b9a483b3a84a8d99575e3560b') in 0.126669 seconds 
========================================================================
Received Import Request.
  Time since last request: 0.000021 seconds.
  path: Assets/Polygonmaker/Polygonmaker Animations/Undead/Anim_Zombie@walk1_R.fbx
  artifactKey: Guid(bd619af64d786674eb9e1d5e443e9c33) Importer(815301076,1909f56bfc062723c751e8b465ee728b)
Start importing Assets/Polygonmaker/Polygonmaker Animations/Undead/Anim_Zombie@walk1_R.fbx using Guid(bd619af64d786674eb9e1d5e443e9c33) Importer(815301076,1909f56bfc062723c751e8b465ee728b)  -> (artifact id: 'd19a86bb611800af5d41d1fdfb4b5527') in 0.025148 seconds 
========================================================================
Received Import Request.
  Time since last request: 0.000023 seconds.
  path: Assets/WarehouseConstructionSet/Source/Imports/bumper.FBX
  artifactKey: Guid(808af921e51569840b3f4c4c0516d6be) Importer(815301076,1909f56bfc062723c751e8b465ee728b)
Start importing Assets/WarehouseConstructionSet/Source/Imports/bumper.FBX using Guid(808af921e51569840b3f4c4c0516d6be) Importer(815301076,1909f56bfc062723c751e8b465ee728b)  -> (artifact id: '795da9d4621d40a24f1923dd9908eb1e') in 0.018689 seconds 
========================================================================
Received Import Request.
  Time since last request: 0.000014 seconds.
  path: Assets/Polygonmaker/Polygonmaker Animations/Undead/Anim_Zombie@walk2_back_inplace.fbx
  artifactKey: Guid(8b345ee9b92bb9146b924e1b6bc180b0) Importer(815301076,1909f56bfc062723c751e8b465ee728b)
Start importing Assets/Polygonmaker/Polygonmaker Animations/Undead/Anim_Zombie@walk2_back_inplace.fbx using Guid(8b345ee9b92bb9146b924e1b6bc180b0) Importer(815301076,1909f56bfc062723c751e8b465ee728b)  -> (artifact id: '7f3c794306cde05718bf13f6a5c39bea') in 0.023465 seconds 
========================================================================
Received Import Request.
  Time since last request: 0.000013 seconds.
  path: Assets/Polygonmaker/Polygonmaker Animations/Undead/Anim_Zombie@walk3.FBX
  artifactKey: Guid(ef3ee394337a98244860d6fddfbde1d8) Importer(815301076,1909f56bfc062723c751e8b465ee728b)
Start importing Assets/Polygonmaker/Polygonmaker Animations/Undead/Anim_Zombie@walk3.FBX using Guid(ef3ee394337a98244860d6fddfbde1d8) Importer(815301076,1909f56bfc062723c751e8b465ee728b)  -> (artifact id: '693a43fdf3b318b8b84955b5a2d66351') in 0.018544 seconds 
========================================================================
Received Import Request.
  Time since last request: 0.000013 seconds.
  path: Assets/Polygonmaker/Polygonmaker Animations/Undead/Anim_Zombie@spawn2.FBX
  artifactKey: Guid(5debeac35b6d03647b42e7ad8e756a33) Importer(815301076,1909f56bfc062723c751e8b465ee728b)
Start importing Assets/Polygonmaker/Polygonmaker Animations/Undead/Anim_Zombie@spawn2.FBX using Guid(5debeac35b6d03647b42e7ad8e756a33) Importer(815301076,1909f56bfc062723c751e8b465ee728b)  -> (artifact id: '2b6bb5cd76b9e6ae67f404d615f887f8') in 0.039782 seconds 
========================================================================
Received Import Request.
  Time since last request: 0.000017 seconds.
  path: Assets/NextGen Furniture Pack/Models/chair_6.FBX
  artifactKey: Guid(8f331930b42dbf643a533a7ad7e62b28) Importer(815301076,1909f56bfc062723c751e8b465ee728b)
Start importing Assets/NextGen Furniture Pack/Models/chair_6.FBX using Guid(8f331930b42dbf643a533a7ad7e62b28) Importer(815301076,1909f56bfc062723c751e8b465ee728b)  -> (artifact id: 'b7b5fc13d6cd196e21dfc5a43e15b836') in 0.065790 seconds 
========================================================================
Received Import Request.
  Time since last request: 0.000018 seconds.
  path: Assets/Polygonmaker/Polygonmaker Animations/Undead/Anim_Zombie@walk2_R.fbx
  artifactKey: Guid(7af94b2316a94334cb11b047a0ad76a0) Importer(815301076,1909f56bfc062723c751e8b465ee728b)
Start importing Assets/Polygonmaker/Polygonmaker Animations/Undead/Anim_Zombie@walk2_R.fbx using Guid(7af94b2316a94334cb11b047a0ad76a0) Importer(815301076,1909f56bfc062723c751e8b465ee728b)  -> (artifact id: '6c9568b9267b58f67311a6fa2be891bf') in 0.027847 seconds 
========================================================================
Received Import Request.
  Time since last request: 0.000023 seconds.
  path: Assets/Polygonmaker/Polygonmaker Animations/Undead/Anim_Zombie@run2_R_inplace.fbx
  artifactKey: Guid(9636ce49a4199a94c96724e91542f1e5) Importer(815301076,1909f56bfc062723c751e8b465ee728b)
Start importing Assets/Polygonmaker/Polygonmaker Animations/Undead/Anim_Zombie@run2_R_inplace.fbx using Guid(9636ce49a4199a94c96724e91542f1e5) Importer(815301076,1909f56bfc062723c751e8b465ee728b)  -> (artifact id: '968366f804a7f52e922347b0425ed569') in 0.029740 seconds 
========================================================================
Received Import Request.
  Time since last request: 0.000019 seconds.
  path: Assets/ScifiFacility/Prefabs/props/details/controlpanels/controlpanel_07.prefab
  artifactKey: Guid(b8a52d2e9ed2c0f4c9799169c7e74960) Importer(815301076,1909f56bfc062723c751e8b465ee728b)
Start importing Assets/ScifiFacility/Prefabs/props/details/controlpanels/controlpanel_07.prefab using Guid(b8a52d2e9ed2c0f4c9799169c7e74960) Importer(815301076,1909f56bfc062723c751e8b465ee728b)  -> (artifact id: '5e576dfc04c1a3da9f24c9800022c2d7') in 0.017998 seconds 
========================================================================
Received Import Request.
  Time since last request: 0.000014 seconds.
  path: Assets/ScifiFacility/Prefabs/structural/walls/column_03.prefab
  artifactKey: Guid(5d1ef0811a1b9f0468d331e063ce3f09) Importer(815301076,1909f56bfc062723c751e8b465ee728b)
Start importing Assets/ScifiFacility/Prefabs/structural/walls/column_03.prefab using Guid(5d1ef0811a1b9f0468d331e063ce3f09) Importer(815301076,1909f56bfc062723c751e8b465ee728b)  -> (artifact id: 'da7dbd5b3457b7b33c3cce88c95ccf8e') in 0.148760 seconds 
========================================================================
Received Import Request.
  Time since last request: 0.000025 seconds.
  path: Assets/NextGen Furniture Pack/Prefabs/chair_5.prefab
  artifactKey: Guid(c831c4b4f99733745903517caab7d07d) Importer(815301076,1909f56bfc062723c751e8b465ee728b)
Start importing Assets/NextGen Furniture Pack/Prefabs/chair_5.prefab using Guid(c831c4b4f99733745903517caab7d07d) Importer(815301076,1909f56bfc062723c751e8b465ee728b)  -> (artifact id: 'ee5414c8113479e204d492e00b8dc7d5') in 0.018690 seconds 
========================================================================
Received Import Request.
  Time since last request: 0.000026 seconds.
  path: Assets/Polygonmaker/Polygonmaker Animations/Undead/Anim_Zombie@ground-attack.FBX
  artifactKey: Guid(c37c045dc865ac64b8a2e63b1ba1727b) Importer(815301076,1909f56bfc062723c751e8b465ee728b)
Start importing Assets/Polygonmaker/Polygonmaker Animations/Undead/Anim_Zombie@ground-attack.FBX using Guid(c37c045dc865ac64b8a2e63b1ba1727b) Importer(815301076,1909f56bfc062723c751e8b465ee728b)  -> (artifact id: '44bbb6ac2f8e253ab22352c8aeca1737') in 0.018353 seconds 
========================================================================
Received Import Request.
  Time since last request: 0.000013 seconds.
  path: Assets/MentalDreamsAssets/PropsPack/Mesh/CableReel/cablereel.FBX
  artifactKey: Guid(9d20cca1d8d4bf44b928fd4ba3f21168) Importer(815301076,1909f56bfc062723c751e8b465ee728b)
Start importing Assets/MentalDreamsAssets/PropsPack/Mesh/CableReel/cablereel.FBX using Guid(9d20cca1d8d4bf44b928fd4ba3f21168) Importer(815301076,1909f56bfc062723c751e8b465ee728b)  -> (artifact id: '8be6852da03efa9818d633425726b128') in 0.115094 seconds 
========================================================================
Received Import Request.
  Time since last request: 0.000015 seconds.
  path: Assets/UnityTechnologies/ParticlePack/EffectExamples/Misc Effects/Prefabs/Candles.prefab
  artifactKey: Guid(86f883933a872f542994368197c83b5b) Importer(815301076,1909f56bfc062723c751e8b465ee728b)
Start importing Assets/UnityTechnologies/ParticlePack/EffectExamples/Misc Effects/Prefabs/Candles.prefab using Guid(86f883933a872f542994368197c83b5b) Importer(815301076,1909f56bfc062723c751e8b465ee728b)  -> (artifact id: '52a5604d04bb9788619598c61c2a057f') in 0.053622 seconds 
========================================================================
Received Import Request.
  Time since last request: 0.000013 seconds.
  path: Assets/Barril pack/Prefab/Barrel.prefab
  artifactKey: Guid(f858d3110ba2e5744b0ba391e05440c0) Importer(815301076,1909f56bfc062723c751e8b465ee728b)
Start importing Assets/Barril pack/Prefab/Barrel.prefab using Guid(f858d3110ba2e5744b0ba391e05440c0) Importer(815301076,1909f56bfc062723c751e8b465ee728b)  -> (artifact id: '7956d21bf56891af8e8153228a39f4e6') in 0.073938 seconds 
========================================================================
Received Import Request.
  Time since last request: 0.000024 seconds.
  path: Assets/ScifiFacility/Prefabs/furniture/bed.prefab
  artifactKey: Guid(a9abad6daadb52747a3e50314460ba2e) Importer(815301076,1909f56bfc062723c751e8b465ee728b)
Start importing Assets/ScifiFacility/Prefabs/furniture/bed.prefab using Guid(a9abad6daadb52747a3e50314460ba2e) Importer(815301076,1909f56bfc062723c751e8b465ee728b)  -> (artifact id: 'bc95f34e52531ca37a31dd361c2bd40e') in 0.129536 seconds 
========================================================================
Received Import Request.
  Time since last request: 0.000029 seconds.
  path: Assets/ScifiFacility/Models/structural/ceiling/ceiling_01.fbx
  artifactKey: Guid(a620dcc1b13f9b04fbeddd240b3a3127) Importer(815301076,1909f56bfc062723c751e8b465ee728b)
Start importing Assets/ScifiFacility/Models/structural/ceiling/ceiling_01.fbx using Guid(a620dcc1b13f9b04fbeddd240b3a3127) Importer(815301076,1909f56bfc062723c751e8b465ee728b)  -> (artifact id: 'c26dc5fc0e16bc3252fb689144ac3972') in 0.026406 seconds 
========================================================================
Received Import Request.
  Time since last request: 0.000018 seconds.
  path: Assets/Polygonmaker/Polygonmaker Animations/Undead/Anim_Zombie@deathspawn.FBX
  artifactKey: Guid(49fa3f793e9b6a84c8f19e5eeec7bc77) Importer(815301076,1909f56bfc062723c751e8b465ee728b)
Start importing Assets/Polygonmaker/Polygonmaker Animations/Undead/Anim_Zombie@deathspawn.FBX using Guid(49fa3f793e9b6a84c8f19e5eeec7bc77) Importer(815301076,1909f56bfc062723c751e8b465ee728b)  -> (artifact id: 'd85cfda965b7e438179db7677edaec6c') in 0.022273 seconds 
========================================================================
Received Import Request.
  Time since last request: 0.000014 seconds.
  path: Assets/Ammo/Resources/Geometry/Ammo_Pack_00.fbx
  artifactKey: Guid(396023f53f5a646b3947c8ce34efa516) Importer(815301076,1909f56bfc062723c751e8b465ee728b)
Start importing Assets/Ammo/Resources/Geometry/Ammo_Pack_00.fbx using Guid(396023f53f5a646b3947c8ce34efa516) Importer(815301076,1909f56bfc062723c751e8b465ee728b)  -> (artifact id: '00efbc3133ddd4aa67dc62fa1a553d75') in 0.015271 seconds 
========================================================================
Received Import Request.
  Time since last request: 0.000021 seconds.
  path: Assets/Furniture/Source/Mesh/3Seat.fbx
  artifactKey: Guid(1a946898d5a375744bd71b5d04072493) Importer(815301076,1909f56bfc062723c751e8b465ee728b)
Start importing Assets/Furniture/Source/Mesh/3Seat.fbx using Guid(1a946898d5a375744bd71b5d04072493) Importer(815301076,1909f56bfc062723c751e8b465ee728b)  -> (artifact id: '61998c0dc88bf99279010ea9ad06c864') in 0.018992 seconds 
========================================================================
Received Import Request.
  Time since last request: 0.000016 seconds.
  path: Assets/SteamVR/InteractionSystem/Longbow/Materials/BalloonPop.mat
  artifactKey: Guid(2d01d8c885250364bac66a45791f02e1) Importer(815301076,1909f56bfc062723c751e8b465ee728b)
Start importing Assets/SteamVR/InteractionSystem/Longbow/Materials/BalloonPop.mat using Guid(2d01d8c885250364bac66a45791f02e1) Importer(815301076,1909f56bfc062723c751e8b465ee728b)  -> (artifact id: '92c6bf80ffd6015a81056901f8b7f104') in 0.012355 seconds 
========================================================================
Received Import Request.
  Time since last request: 0.000020 seconds.
  path: Assets/ScifiFacility/Materials/_ExampleMats/Theme_3/Base_Stripes 3.mat
  artifactKey: Guid(dd9d88519e16b4d4f8aacff4d3a088ff) Importer(815301076,1909f56bfc062723c751e8b465ee728b)
Start importing Assets/ScifiFacility/Materials/_ExampleMats/Theme_3/Base_Stripes 3.mat using Guid(dd9d88519e16b4d4f8aacff4d3a088ff) Importer(815301076,1909f56bfc062723c751e8b465ee728b)  -> (artifact id: '746c53cdfd8a3cdc11583cf2fe2ee450') in 0.016095 seconds 
========================================================================
Received Import Request.
  Time since last request: 0.000021 seconds.
  path: Assets/ScifiFacility/Materials/_ExampleMats/Theme_3/Base_Color_18.mat
  artifactKey: Guid(664bb56cf724f4d4ea447421489de5af) Importer(815301076,1909f56bfc062723c751e8b465ee728b)
Start importing Assets/ScifiFacility/Materials/_ExampleMats/Theme_3/Base_Color_18.mat using Guid(664bb56cf724f4d4ea447421489de5af) Importer(815301076,1909f56bfc062723c751e8b465ee728b)  -> (artifact id: '68de793eac14d6bec2a3acae8057b0cb') in 0.081914 seconds 
========================================================================
Received Import Request.
  Time since last request: 0.000026 seconds.
  path: Assets/Furniture/Source/Materials/3Seat2_BaseColor.mat
  artifactKey: Guid(53aa0875d11cc604a93539387bccc820) Importer(815301076,1909f56bfc062723c751e8b465ee728b)
Start importing Assets/Furniture/Source/Materials/3Seat2_BaseColor.mat using Guid(53aa0875d11cc604a93539387bccc820) Importer(815301076,1909f56bfc062723c751e8b465ee728b)  -> (artifact id: 'be884846db5ce57f98caf82639884a84') in 0.022919 seconds 
========================================================================
Received Import Request.
  Time since last request: 0.000057 seconds.
  path: Assets/ScifiFacility/Materials/_ExampleMats/Theme_1/Base_Color_19.mat
  artifactKey: Guid(9ee9876d71ff3454fa649c9e5d6996bf) Importer(815301076,1909f56bfc062723c751e8b465ee728b)
Start importing Assets/ScifiFacility/Materials/_ExampleMats/Theme_1/Base_Color_19.mat using Guid(9ee9876d71ff3454fa649c9e5d6996bf) Importer(815301076,1909f56bfc062723c751e8b465ee728b)  -> (artifact id: '53570d9d6a3742074e5874e5074e22e5') in 0.101903 seconds 
========================================================================
Received Import Request.
  Time since last request: 0.000035 seconds.
  path: Assets/ScifiFacility/Materials/Base_Paint_Orange.mat
  artifactKey: Guid(2c8212ae65027fe4dbf0a052714f0b33) Importer(815301076,1909f56bfc062723c751e8b465ee728b)
Start importing Assets/ScifiFacility/Materials/Base_Paint_Orange.mat using Guid(2c8212ae65027fe4dbf0a052714f0b33) Importer(815301076,1909f56bfc062723c751e8b465ee728b)  -> (artifact id: '9975bcec13f4497c5d46858502e5ebc3') in 0.093199 seconds 
========================================================================
Received Import Request.
  Time since last request: 0.000032 seconds.
  path: Assets/ScifiFacility/Materials/Base_Metal_Mirror.mat
  artifactKey: Guid(f45242f55ce50c249b7218da6ca9d491) Importer(815301076,1909f56bfc062723c751e8b465ee728b)
Start importing Assets/ScifiFacility/Materials/Base_Metal_Mirror.mat using Guid(f45242f55ce50c249b7218da6ca9d491) Importer(815301076,1909f56bfc062723c751e8b465ee728b)  -> (artifact id: '19a1f7b80697b8f5f9387defc97795ee') in 0.051520 seconds 
========================================================================
Received Import Request.
  Time since last request: 0.000056 seconds.
  path: Assets/ScifiFacility/Materials/_ExampleMats/Theme_1/Base_Color_17.mat
  artifactKey: Guid(264be81bc287e4748ad221c7489689dd) Importer(815301076,1909f56bfc062723c751e8b465ee728b)
Start importing Assets/ScifiFacility/Materials/_ExampleMats/Theme_1/Base_Color_17.mat using Guid(264be81bc287e4748ad221c7489689dd) Importer(815301076,1909f56bfc062723c751e8b465ee728b)  -> (artifact id: '3517dcba0cfe3f9d5eaac0dfad26dbf0') in 0.060342 seconds 
========================================================================
Received Import Request.
  Time since last request: 0.000017 seconds.
  path: Assets/ScifiFacility/Materials/_ExampleMats/Theme_1/Base_Color_04.mat
  artifactKey: Guid(767a1c36e55674117b87651789c0bfce) Importer(815301076,1909f56bfc062723c751e8b465ee728b)
Start importing Assets/ScifiFacility/Materials/_ExampleMats/Theme_1/Base_Color_04.mat using Guid(767a1c36e55674117b87651789c0bfce) Importer(815301076,1909f56bfc062723c751e8b465ee728b)  -> (artifact id: 'f904ee99cca4034b901a1019cd9a94ad') in 0.069370 seconds 
========================================================================
Received Import Request.
  Time since last request: 0.000016 seconds.
  path: Assets/Furniture/Source/Materials/2Seat_BaseColor.mat
  artifactKey: Guid(79764e7ca9884494cbe558b2bdb1d30b) Importer(815301076,1909f56bfc062723c751e8b465ee728b)
Start importing Assets/Furniture/Source/Materials/2Seat_BaseColor.mat using Guid(79764e7ca9884494cbe558b2bdb1d30b) Importer(815301076,1909f56bfc062723c751e8b465ee728b)  -> (artifact id: '3e0960ebe3e2986ec0cb4632289bae87') in 0.017892 seconds 
========================================================================
Received Import Request.
  Time since last request: 0.000023 seconds.
  path: Assets/ScifiFacility/Materials/_ExampleMats/Theme_2/Base_Stripes 2.mat
  artifactKey: Guid(011ee52a7817742af86336ad9d19f09e) Importer(815301076,1909f56bfc062723c751e8b465ee728b)
Start importing Assets/ScifiFacility/Materials/_ExampleMats/Theme_2/Base_Stripes 2.mat using Guid(011ee52a7817742af86336ad9d19f09e) Importer(815301076,1909f56bfc062723c751e8b465ee728b)  -> (artifact id: '2c424adc2cf2bcc12474e4ef69de57f7') in 0.011115 seconds 
========================================================================
Received Import Request.
  Time since last request: 0.000017 seconds.
  path: Assets/ScifiFacility/Materials/_ExampleMats/Theme_4/Base_Color_15.mat
  artifactKey: Guid(647fc2bac0caf4a8d836b34ae06b6902) Importer(815301076,1909f56bfc062723c751e8b465ee728b)
Start importing Assets/ScifiFacility/Materials/_ExampleMats/Theme_4/Base_Color_15.mat using Guid(647fc2bac0caf4a8d836b34ae06b6902) Importer(815301076,1909f56bfc062723c751e8b465ee728b)  -> (artifact id: '14ef37a79d422a7a0bfd588e39f59b52') in 0.063302 seconds 
========================================================================
Received Import Request.
  Time since last request: 0.000015 seconds.
  path: Assets/ScifiFacility/Materials/_ExampleMats/Theme_1/Base_Color_21.mat
  artifactKey: Guid(a4ab5033b3361492fb73a87ef172664c) Importer(815301076,1909f56bfc062723c751e8b465ee728b)
Start importing Assets/ScifiFacility/Materials/_ExampleMats/Theme_1/Base_Color_21.mat using Guid(a4ab5033b3361492fb73a87ef172664c) Importer(815301076,1909f56bfc062723c751e8b465ee728b)  -> (artifact id: '690aea329a1eb199070b0b9414ce0083') in 0.059439 seconds 
========================================================================
Received Import Request.
  Time since last request: 0.000022 seconds.
  path: Assets/ScifiFacility/Materials/_ExampleMats/Theme_3/Base_Color_16.mat
  artifactKey: Guid(4b067af576a6f419eb2d487a9429821c) Importer(815301076,1909f56bfc062723c751e8b465ee728b)
Start importing Assets/ScifiFacility/Materials/_ExampleMats/Theme_3/Base_Color_16.mat using Guid(4b067af576a6f419eb2d487a9429821c) Importer(815301076,1909f56bfc062723c751e8b465ee728b)  -> (artifact id: '107cc8ab1f495e52788e627d0f76f2b4') in 0.050749 seconds 
========================================================================
Received Import Request.
  Time since last request: 0.000021 seconds.
  path: Assets/ScifiFacility/Models/structural/ceiling/ceiling_12.fbx
  artifactKey: Guid(2f970ef5f68f64e1aa99243515599842) Importer(815301076,1909f56bfc062723c751e8b465ee728b)
Start importing Assets/ScifiFacility/Models/structural/ceiling/ceiling_12.fbx using Guid(2f970ef5f68f64e1aa99243515599842) Importer(815301076,1909f56bfc062723c751e8b465ee728b)  -> (artifact id: 'ab233156c471ff1bcaa60c959625f1fd') in 0.013783 seconds 
========================================================================
Received Import Request.
  Time since last request: 0.000012 seconds.
  path: Assets/ScifiFacility/Prefabs/structural/ceiling/ceiling_11.prefab
  artifactKey: Guid(48aa191a3402f47fb90f13b24fa5d4e7) Importer(815301076,1909f56bfc062723c751e8b465ee728b)
Start importing Assets/ScifiFacility/Prefabs/structural/ceiling/ceiling_11.prefab using Guid(48aa191a3402f47fb90f13b24fa5d4e7) Importer(815301076,1909f56bfc062723c751e8b465ee728b)  -> (artifact id: '942a6220b24635195445e0766e88608b') in 0.063922 seconds 
========================================================================
Received Import Request.
  Time since last request: 0.000019 seconds.
  path: Assets/Polygonmaker/Polygonmaker Animations/Undead/Anim_Zombie@spawn1.FBX
  artifactKey: Guid(d76a2be574c09404ca4ca783287c374c) Importer(815301076,1909f56bfc062723c751e8b465ee728b)
Start importing Assets/Polygonmaker/Polygonmaker Animations/Undead/Anim_Zombie@spawn1.FBX using Guid(d76a2be574c09404ca4ca783287c374c) Importer(815301076,1909f56bfc062723c751e8b465ee728b)  -> (artifact id: 'da6569e18f22a9e2a59a6a6377bc3709') in 0.021130 seconds 
========================================================================
Received Import Request.
  Time since last request: 0.000018 seconds.
  path: Assets/ScifiFacility/Prefabs/props/Barricade1.prefab
  artifactKey: Guid(3bb2c4bbfa1e6174d90d6b1d50509ba0) Importer(815301076,1909f56bfc062723c751e8b465ee728b)
Start importing Assets/ScifiFacility/Prefabs/props/Barricade1.prefab using Guid(3bb2c4bbfa1e6174d90d6b1d50509ba0) Importer(815301076,1909f56bfc062723c751e8b465ee728b)  -> (artifact id: 'f73431b435d51850343e467fe4611a82') in 0.156471 seconds 
========================================================================
Received Import Request.
  Time since last request: 0.000017 seconds.
  path: Assets/ScifiFacility/Prefabs/structural/ceiling/ceiling_04.prefab
  artifactKey: Guid(a655cc23bc9a3344cbc8081399b2e1de) Importer(815301076,1909f56bfc062723c751e8b465ee728b)
Start importing Assets/ScifiFacility/Prefabs/structural/ceiling/ceiling_04.prefab using Guid(a655cc23bc9a3344cbc8081399b2e1de) Importer(815301076,1909f56bfc062723c751e8b465ee728b)  -> (artifact id: 'f27e7952f841d7ed8e66412943f87f51') in 0.062201 seconds 
========================================================================
Received Import Request.
  Time since last request: 0.000021 seconds.
  path: Assets/UltimateCircularHealthBar/Prefabs/CompoundHealthBar.prefab
  artifactKey: Guid(9404e657563eec14da31f2b7149c0b26) Importer(815301076,1909f56bfc062723c751e8b465ee728b)
Start importing Assets/UltimateCircularHealthBar/Prefabs/CompoundHealthBar.prefab using Guid(9404e657563eec14da31f2b7149c0b26) Importer(815301076,1909f56bfc062723c751e8b465ee728b)  -> (artifact id: '38cdb765beb1f0c96735ab6717e00343') in 0.039972 seconds 
========================================================================
Received Import Request.
  Time since last request: 0.000022 seconds.
  path: Assets/MentalDreamsAssets/PropsPack/Mesh/Bucket/bucket.FBX
  artifactKey: Guid(58e2a03b48c235e49a6d57aff30acaa1) Importer(815301076,1909f56bfc062723c751e8b465ee728b)
Start importing Assets/MentalDreamsAssets/PropsPack/Mesh/Bucket/bucket.FBX using Guid(58e2a03b48c235e49a6d57aff30acaa1) Importer(815301076,1909f56bfc062723c751e8b465ee728b)  -> (artifact id: '2c4a99dd4c67e0f12b3aa2326e7b46d4') in 0.083596 seconds 
========================================================================
Received Import Request.
  Time since last request: 0.000018 seconds.
  path: Assets/MentalDreamsAssets/PropsPack/Mesh/whell/arabaLastigi.FBX
  artifactKey: Guid(9182a173459a8f24986f0b817deee93b) Importer(815301076,1909f56bfc062723c751e8b465ee728b)
Start importing Assets/MentalDreamsAssets/PropsPack/Mesh/whell/arabaLastigi.FBX using Guid(9182a173459a8f24986f0b817deee93b) Importer(815301076,1909f56bfc062723c751e8b465ee728b)  -> (artifact id: '992ce758c25dc23db442c77a5a3852cc') in 0.013041 seconds 
========================================================================
Received Import Request.
  Time since last request: 0.000013 seconds.
  path: Assets/MentalDreamsAssets/PropsPack/Mesh/bin/bin.fbx
  artifactKey: Guid(3ce9e972b1d4a854b9c782b8f7192784) Importer(815301076,1909f56bfc062723c751e8b465ee728b)
Start importing Assets/MentalDreamsAssets/PropsPack/Mesh/bin/bin.fbx using Guid(3ce9e972b1d4a854b9c782b8f7192784) Importer(815301076,1909f56bfc062723c751e8b465ee728b)  -> (artifact id: '23fe69c97cd9cb9a0c6e0a91f0574982') in 0.071323 seconds 
========================================================================
Received Import Request.
  Time since last request: 24.750785 seconds.
  path: Packages/com.unity.timeline/package.json
  artifactKey: Guid(13a9c1b4df2e489e8eb9cacca7429596) Importer(815301076,1909f56bfc062723c751e8b465ee728b)
Start importing Packages/com.unity.timeline/package.json using Guid(13a9c1b4df2e489e8eb9cacca7429596) Importer(815301076,1909f56bfc062723c751e8b465ee728b)  -> (artifact id: 'd2e186285d1dc68af6b14731c0b37fe0') in 0.001541 seconds 
========================================================================
Received Import Request.
  Time since last request: 1.365708 seconds.
  path: Packages/com.unity.textmeshpro/package.json
  artifactKey: Guid(220e9325710f4235a43492dd1ee4980d) Importer(815301076,1909f56bfc062723c751e8b465ee728b)
Start importing Packages/com.unity.textmeshpro/package.json using Guid(220e9325710f4235a43492dd1ee4980d) Importer(815301076,1909f56bfc062723c751e8b465ee728b)  -> (artifact id: '7f445814511be1caffb984507b3a4793') in 0.001575 seconds 
========================================================================
Received Import Request.
  Time since last request: 1.455650 seconds.
  path: Packages/com.unity.subsystemregistration/package.json
  artifactKey: Guid(39ae12a67d2824dda9cb95e774ab4ab1) Importer(815301076,1909f56bfc062723c751e8b465ee728b)
Start importing Packages/com.unity.subsystemregistration/package.json using Guid(39ae12a67d2824dda9cb95e774ab4ab1) Importer(815301076,1909f56bfc062723c751e8b465ee728b)  -> (artifact id: '34ead7d16db3a152e42fa68e8deb91e5') in 0.001593 seconds 
========================================================================
Received Import Request.
  Time since last request: 0.781822 seconds.
  path: Packages/com.unity.test-framework/package.json
  artifactKey: Guid(d6a2e6e4803de7b43baacdc355fc144d) Importer(815301076,1909f56bfc062723c751e8b465ee728b)
Start importing Packages/com.unity.test-framework/package.json using Guid(d6a2e6e4803de7b43baacdc355fc144d) Importer(815301076,1909f56bfc062723c751e8b465ee728b)  -> (artifact id: '3848ff7ccfeca2337678628a1ed2ce60') in 0.001562 seconds 
========================================================================
Received Import Request.
  Time since last request: 1.292839 seconds.
  path: Packages/com.unity.searcher/package.json
  artifactKey: Guid(86b0e09d2fd75564f90fbc601e1eec6b) Importer(815301076,1909f56bfc062723c751e8b465ee728b)
Start importing Packages/com.unity.searcher/package.json using Guid(86b0e09d2fd75564f90fbc601e1eec6b) Importer(815301076,1909f56bfc062723c751e8b465ee728b)  -> (artifact id: '0bea7975be7b28eff9b61e8cc7d9755a') in 0.001549 seconds 
========================================================================
Received Import Request.
  Time since last request: 0.410562 seconds.
  path: Packages/com.unity.settings-manager/package.json
  artifactKey: Guid(3001f7491ac66e34a9694543d9f8b1ee) Importer(815301076,1909f56bfc062723c751e8b465ee728b)
Start importing Packages/com.unity.settings-manager/package.json using Guid(3001f7491ac66e34a9694543d9f8b1ee) Importer(815301076,1909f56bfc062723c751e8b465ee728b)  -> (artifact id: 'b16afbc5e1c81e578532a459c23bac45') in 0.005414 seconds 
========================================================================
Received Import Request.
  Time since last request: 2.916677 seconds.
  path: Packages/com.unity.settings-manager/Tests
  artifactKey: Guid(8f491bec7bcc4db45ad9590a6158e0fd) Importer(815301076,1909f56bfc062723c751e8b465ee728b)
Start importing Packages/com.unity.settings-manager/Tests using Guid(8f491bec7bcc4db45ad9590a6158e0fd) Importer(815301076,1909f56bfc062723c751e8b465ee728b)  -> (artifact id: '3eb1aefb896236742d5cecd087e1f8b1') in 0.007077 seconds 
========================================================================
Received Import Request.
  Time since last request: 2.970596 seconds.
  path: Packages/com.unity.settings-manager/Tests/Editor
  artifactKey: Guid(9563dd1f3643cc54ba60086d957fcd78) Importer(815301076,1909f56bfc062723c751e8b465ee728b)
Start importing Packages/com.unity.settings-manager/Tests/Editor using Guid(9563dd1f3643cc54ba60086d957fcd78) Importer(815301076,1909f56bfc062723c751e8b465ee728b)  -> (artifact id: 'd2b85c5218f02e2d226013344b4de4b2') in 0.007068 seconds 
========================================================================
Received Import Request.
  Time since last request: 0.090268 seconds.
  path: Packages/com.unity.settings-manager/Tests/Editor/Unity.Settings.Editor.Tests.asmdef
  artifactKey: Guid(b8c9b6a82a342504c8e4a2747471d23c) Importer(815301076,1909f56bfc062723c751e8b465ee728b)
Start importing Packages/com.unity.settings-manager/Tests/Editor/Unity.Settings.Editor.Tests.asmdef using Guid(b8c9b6a82a342504c8e4a2747471d23c) Importer(815301076,1909f56bfc062723c751e8b465ee728b)  -> (artifact id: '94a12396bc755840684868157517eca8') in 0.009485 seconds 
========================================================================
Received Import Request.
  Time since last request: 15.107597 seconds.
  path: Assets/Zombie/Animations/Zombie@Z_Attack.FBX
  artifactKey: Guid(631762b9a30b33a42836730a6b37d13f) Importer(815301076,1909f56bfc062723c751e8b465ee728b)
Start importing Assets/Zombie/Animations/Zombie@Z_Attack.FBX using Guid(631762b9a30b33a42836730a6b37d13f) Importer(815301076,1909f56bfc062723c751e8b465ee728b)  -> (artifact id: '039d84b1a89e319f39a6dc3a17e87224') in 0.165530 seconds 
========================================================================
Received Import Request.
  Time since last request: 1.422806 seconds.
  path: Assets/Zombie/FBXs/Zombie1.FBX
  artifactKey: Guid(8f7380da49034cd488ddff94b1ac35d1) Importer(815301076,1909f56bfc062723c751e8b465ee728b)
Start importing Assets/Zombie/FBXs/Zombie1.FBX using Guid(8f7380da49034cd488ddff94b1ac35d1) Importer(815301076,1909f56bfc062723c751e8b465ee728b)  -> (artifact id: 'c8ef6d23868bcc8ed0449dd0ab475079') in 0.064699 seconds 
========================================================================
Received Import Request.
  Time since last request: 3.171113 seconds.
  path: Packages/com.unity.testtools.codecoverage/package.json
  artifactKey: Guid(ba7d60725b0ec604698819352642be89) Importer(815301076,1909f56bfc062723c751e8b465ee728b)
Start importing Packages/com.unity.testtools.codecoverage/package.json using Guid(ba7d60725b0ec604698819352642be89) Importer(815301076,1909f56bfc062723c751e8b465ee728b)  -> (artifact id: 'b4ede392239df6bf770ed0fb43b79895') in 0.001589 seconds 
========================================================================
Received Import Request.
  Time since last request: 1.659222 seconds.
  path: Packages/com.valvesoftware.unity.openvr/package.json
  artifactKey: Guid(2d2923a5a31e1b04da55949c11b45583) Importer(815301076,1909f56bfc062723c751e8b465ee728b)
Start importing Packages/com.valvesoftware.unity.openvr/package.json using Guid(2d2923a5a31e1b04da55949c11b45583) Importer(815301076,1909f56bfc062723c751e8b465ee728b)  -> (artifact id: '9406daf0b9ddd25e19062359cfe020ca') in 0.001701 seconds 
========================================================================
Received Import Request.
  Time since last request: 2.232243 seconds.
  path: Packages/com.unity.cinemachine/package.json
  artifactKey: Guid(7a97571b2775aab4e8bf63d9ceb96743) Importer(815301076,1909f56bfc062723c751e8b465ee728b)
Start importing Packages/com.unity.cinemachine/package.json using Guid(7a97571b2775aab4e8bf63d9ceb96743) Importer(815301076,1909f56bfc062723c751e8b465ee728b)  -> (artifact id: '04cf04666735dd84760286485660994f') in 0.001441 seconds 
========================================================================
Received Import Request.
  Time since last request: 8.162949 seconds.
  path: Packages/com.unity.textmeshpro/Tests
  artifactKey: Guid(2ce4bbcc4722440890a03312706037fe) Importer(815301076,1909f56bfc062723c751e8b465ee728b)
Start importing Packages/com.unity.textmeshpro/Tests using Guid(2ce4bbcc4722440890a03312706037fe) Importer(815301076,1909f56bfc062723c751e8b465ee728b)  -> (artifact id: '275080d7731f4fda7aa909d79b847f5e') in 0.001239 seconds 
