Using pre-set license
Built from '2021.3/staging' branch; Version is '2021.3.19f1 (c9714fde33b6) revision 13201743'; Using compiler version '192829333'; Build Type 'Release'
OS: 'Windows 11  (10.0.22631) 64bit Professional' Language: 'en' Physical Memory: 32522 MB
BatchMode: 1, IsHumanControllingUs: 0, StartBugReporterOnCrash: 0, Is64bit: 1, IsPro: 1

COMMAND LINE ARGUMENTS:
C:\Program Files\Unity 2021.3.19f1\Editor\Unity.exe
-adb2
-batchMode
-noUpm
-name
AssetImportWorker6
-projectPath
C:/Users/Dakota/Outbreak-VR
-logFile
Logs/AssetImportWorker6.log
-srvPort
61522
Successfully changed project path to: C:/Users/Dakota/Outbreak-VR
C:/Users/Dakota/Outbreak-VR
[UnityMemory] Configuration Parameters - Can be set up in boot.config
    "memorysetup-bucket-allocator-granularity=16"
    "memorysetup-bucket-allocator-bucket-count=8"
    "memorysetup-bucket-allocator-block-size=33554432"
    "memorysetup-bucket-allocator-block-count=8"
    "memorysetup-main-allocator-block-size=16777216"
    "memorysetup-thread-allocator-block-size=16777216"
    "memorysetup-gfx-main-allocator-block-size=16777216"
    "memorysetup-gfx-thread-allocator-block-size=16777216"
    "memorysetup-cache-allocator-block-size=4194304"
    "memorysetup-typetree-allocator-block-size=2097152"
    "memorysetup-profiler-bucket-allocator-granularity=16"
    "memorysetup-profiler-bucket-allocator-bucket-count=8"
    "memorysetup-profiler-bucket-allocator-block-size=33554432"
    "memorysetup-profiler-bucket-allocator-block-count=8"
    "memorysetup-profiler-allocator-block-size=16777216"
    "memorysetup-profiler-editor-allocator-block-size=1048576"
    "memorysetup-temp-allocator-size-main=16777216"
    "memorysetup-job-temp-allocator-block-size=2097152"
    "memorysetup-job-temp-allocator-block-size-background=1048576"
    "memorysetup-job-temp-allocator-reduction-small-platforms=262144"
    "memorysetup-temp-allocator-size-background-worker=32768"
    "memorysetup-temp-allocator-size-job-worker=262144"
    "memorysetup-temp-allocator-size-preload-manager=33554432"
    "memorysetup-temp-allocator-size-nav-mesh-worker=65536"
    "memorysetup-temp-allocator-size-audio-worker=65536"
    "memorysetup-temp-allocator-size-cloud-worker=32768"
    "memorysetup-temp-allocator-size-gi-baking-worker=262144"
    "memorysetup-temp-allocator-size-gfx=262144"
Player connection [60572] Host "[IP] 192.168.1.129 [Port] 0 [Flags] 2 [Guid] 1586786753 [EditorId] 1586786753 [Version] 1048832 [Id] WindowsEditor(7,Swizops-101617) [Debug] 1 [PackageName] WindowsEditor [ProjectName] Editor" joined multi-casting on [225.0.0.222:54997]...

Player connection [60572] Host "[IP] 192.168.1.129 [Port] 0 [Flags] 2 [Guid] 1586786753 [EditorId] 1586786753 [Version] 1048832 [Id] WindowsEditor(7,Swizops-101617) [Debug] 1 [PackageName] WindowsEditor [ProjectName] Editor" joined alternative multi-casting on [225.0.0.222:34997]...

Refreshing native plugins compatible for Editor in 68.57 ms, found 4 plugins.
Preloading 0 native plugins for Editor in 0.00 ms.
Initialize engine version: 2021.3.19f1 (c9714fde33b6)
[Subsystems] Discovering subsystems at path C:/Program Files/Unity 2021.3.19f1/Editor/Data/Resources/UnitySubsystems
[Subsystems] Discovering subsystems at path C:/Users/Dakota/Outbreak-VR/Assets
GfxDevice: creating device client; threaded=0; jobified=0
Direct3D:
    Version:  Direct3D 11.0 [level 11.1]
    Renderer: NVIDIA GeForce RTX 4080 (ID=0x2704)
    Vendor:   NVIDIA
    VRAM:     16050 MB
    Driver:   32.0.15.7216
Initialize mono
Mono path[0] = 'C:/Program Files/Unity 2021.3.19f1/Editor/Data/Managed'
Mono path[1] = 'C:/Program Files/Unity 2021.3.19f1/Editor/Data/MonoBleedingEdge/lib/mono/unityjit-win32'
Mono config path = 'C:/Program Files/Unity 2021.3.19f1/Editor/Data/MonoBleedingEdge/etc'
Using monoOptions --debugger-agent=transport=dt_socket,embedding=1,server=y,suspend=n,address=127.0.0.1:56584
Begin MonoManager ReloadAssembly
Registering precompiled unity dll's ...
Register platform support module: C:/Program Files/Unity 2021.3.19f1/Editor/Data/PlaybackEngines/WindowsStandaloneSupport/UnityEditor.WindowsStandalone.Extensions.dll
Registered in 0.001993 seconds.
Native extension for WindowsStandalone target not found
Refreshing native plugins compatible for Editor in 64.80 ms, found 4 plugins.
Preloading 0 native plugins for Editor in 0.00 ms.
Mono: successfully reloaded assembly
- Completed reload, in  0.385 seconds
Domain Reload Profiling:
	ReloadAssembly (385ms)
		BeginReloadAssembly (39ms)
			ExecutionOrderSort (0ms)
			DisableScriptedObjects (0ms)
			BackupInstance (0ms)
			ReleaseScriptingObjects (0ms)
			CreateAndSetChildDomain (1ms)
		EndReloadAssembly (287ms)
			LoadAssemblies (38ms)
			RebuildTransferFunctionScriptingTraits (0ms)
			SetupTypeCache (56ms)
			ReleaseScriptCaches (0ms)
			RebuildScriptCaches (19ms)
			SetupLoadedEditorAssemblies (179ms)
				LogAssemblyErrors (0ms)
				InitializePlatformSupportModulesInManaged (4ms)
				SetLoadedEditorAssemblies (0ms)
				RefreshPlugins (65ms)
				BeforeProcessingInitializeOnLoad (1ms)
				ProcessInitializeOnLoadAttributes (83ms)
				ProcessInitializeOnLoadMethodAttributes (27ms)
				AfterProcessingInitializeOnLoad (0ms)
				EditorAssembliesLoaded (0ms)
			ExecutionOrderSort2 (0ms)
			AwakeInstancesAfterBackupRestoration (0ms)
Platform modules already initialized, skipping
Registering precompiled user dll's ...
Registered in 0.002520 seconds.
Begin MonoManager ReloadAssembly
Symbol file LoadedFromMemory doesn't match image C:\Users\Dakota\Outbreak-VR\Library\PackageCache\com.unity.visualscripting@1.8.0\Editor\VisualScripting.Core\Dependencies\YamlDotNet\Unity.VisualScripting.YamlDotNet.dll
Symbol file LoadedFromMemory doesn't match image C:\Users\Dakota\Outbreak-VR\Library\PackageCache\com.unity.visualscripting@1.8.0\Editor\VisualScripting.Core\Dependencies\DotNetZip\Unity.VisualScripting.IonicZip.dll
Native extension for WindowsStandalone target not found
Refreshing native plugins compatible for Editor in 72.13 ms, found 4 plugins.
Preloading 0 native plugins for Editor in 0.00 ms.
Package Manager log level set to [2]
Mono: successfully reloaded assembly
- Completed reload, in  0.759 seconds
Domain Reload Profiling:
	ReloadAssembly (760ms)
		BeginReloadAssembly (61ms)
			ExecutionOrderSort (0ms)
			DisableScriptedObjects (3ms)
			BackupInstance (0ms)
			ReleaseScriptingObjects (0ms)
			CreateAndSetChildDomain (13ms)
		EndReloadAssembly (621ms)
			LoadAssemblies (48ms)
			RebuildTransferFunctionScriptingTraits (0ms)
			SetupTypeCache (155ms)
			ReleaseScriptCaches (0ms)
			RebuildScriptCaches (39ms)
			SetupLoadedEditorAssemblies (345ms)
				LogAssemblyErrors (0ms)
				InitializePlatformSupportModulesInManaged (3ms)
				SetLoadedEditorAssemblies (0ms)
				RefreshPlugins (72ms)
				BeforeProcessingInitializeOnLoad (64ms)
				ProcessInitializeOnLoadAttributes (161ms)
				ProcessInitializeOnLoadMethodAttributes (41ms)
				AfterProcessingInitializeOnLoad (4ms)
				EditorAssembliesLoaded (0ms)
			ExecutionOrderSort2 (0ms)
			AwakeInstancesAfterBackupRestoration (3ms)
Platform modules already initialized, skipping
========================================================================
Worker process is ready to serve import requests
Launched and connected shader compiler UnityShaderCompiler.exe after 0.04 seconds
Refreshing native plugins compatible for Editor in 2.82 ms, found 4 plugins.
Preloading 0 native plugins for Editor in 0.00 ms.
Unloading 4644 Unused Serialized files (Serialized files now loaded: 0)
Unloading 50 unused Assets / (2.0 MB). Loaded Objects now: 5097.
Memory consumption went from 210.4 MB to 208.4 MB.
Total: 5.109200 ms (FindLiveObjects: 0.324000 ms CreateObjectMapping: 0.226800 ms MarkObjects: 3.574800 ms  DeleteObjects: 0.982600 ms)

AssetImportParameters requested are different than current active one (requested -> active):
  custom:video-decoder-ogg-theora: a1e56fd34408186e4bbccfd4996cb3dc -> 
  custom:container-muxer-webm: aa71ff27fc2769a1b78a27578f13a17b -> 
  custom:container-demuxer-webm: 4f35f7cbe854078d1ac9338744f61a02 -> 
  custom:video-encoder-webm-vp8: eb34c28f22e8b96e1ab97ce403110664 -> 
  custom:video-codec-MediaFoundation-h265: 746d11721c4dcdbdad8f713fa42b33f4 -> 
  custom:audio-encoder-webm-vorbis: bf7c407c2cedff20999df2af8eb42d56 -> 
  custom:framework-win-MediaFoundation: 216162199b28c13a410421893ffa2e32 -> 
  custom:container-demuxer-ogg: 62fdf1f143b41e24485cea50d1cbac27 -> 
  custom:video-decoder-webm-vp8: 9c59270c3fd7afecdb556c50c9e8de78 -> 
  custom:audio-decoder-ogg-vorbis: bf7c407c2cedff20999df2af8eb42d56 -> 
========================================================================
Received Import Request.
  Time since last request: 112842.192869 seconds.
  path: Assets/ScifiFacility/Materials/_ExampleMats/Theme_4/Base_Color_18.mat
  artifactKey: Guid(ff26a9611a9604a22b21cdfbaa4b655d) Importer(815301076,1909f56bfc062723c751e8b465ee728b)
Start importing Assets/ScifiFacility/Materials/_ExampleMats/Theme_4/Base_Color_18.mat using Guid(ff26a9611a9604a22b21cdfbaa4b655d) Importer(815301076,1909f56bfc062723c751e8b465ee728b)  -> (artifact id: '71d51c728ab9ac1664e17da04456a7ff') in 0.339844 seconds 
========================================================================
Received Import Request.
  Time since last request: 0.000022 seconds.
  path: Assets/ScifiFacility/Materials/_ExampleMats/Theme_2/Base_Color_12.mat
  artifactKey: Guid(9b3c795ea4e2f4d2e878f01da4c357dc) Importer(815301076,1909f56bfc062723c751e8b465ee728b)
Start importing Assets/ScifiFacility/Materials/_ExampleMats/Theme_2/Base_Color_12.mat using Guid(9b3c795ea4e2f4d2e878f01da4c357dc) Importer(815301076,1909f56bfc062723c751e8b465ee728b)  -> (artifact id: 'b79fb7eb70c18902a81822788fbdbfdc') in 0.067480 seconds 
========================================================================
Received Import Request.
  Time since last request: 0.000047 seconds.
  path: Assets/ScifiFacility/Materials/_ExampleMats/Theme_2/Base_Color_15.mat
  artifactKey: Guid(cd5563534f84541c291aace3d2f4f5ce) Importer(815301076,1909f56bfc062723c751e8b465ee728b)
Start importing Assets/ScifiFacility/Materials/_ExampleMats/Theme_2/Base_Color_15.mat using Guid(cd5563534f84541c291aace3d2f4f5ce) Importer(815301076,1909f56bfc062723c751e8b465ee728b)  -> (artifact id: '803c9607c91b3c37e754047cc25553c0') in 0.065445 seconds 
========================================================================
Received Import Request.
  Time since last request: 0.000025 seconds.
  path: Assets/Polygonmaker/Polygonmaker Animations/Undead/Anim_Zombie@walk1_L.fbx
  artifactKey: Guid(e1b0b3b584dcb6149b80f8da732a746d) Importer(815301076,1909f56bfc062723c751e8b465ee728b)
Start importing Assets/Polygonmaker/Polygonmaker Animations/Undead/Anim_Zombie@walk1_L.fbx using Guid(e1b0b3b584dcb6149b80f8da732a746d) Importer(815301076,1909f56bfc062723c751e8b465ee728b)  -> (artifact id: 'eb14538a6872c1753070a369fa39c92b') in 0.152662 seconds 
========================================================================
Received Import Request.
  Time since last request: 0.000022 seconds.
  path: Assets/Furniture/Source/Mesh/Closet3.fbx
  artifactKey: Guid(924fa25af5f31b14abb039f25dab6ec9) Importer(815301076,1909f56bfc062723c751e8b465ee728b)
Start importing Assets/Furniture/Source/Mesh/Closet3.fbx using Guid(924fa25af5f31b14abb039f25dab6ec9) Importer(815301076,1909f56bfc062723c751e8b465ee728b)  -> (artifact id: '513140a68c08cd722231da2148253ef7') in 0.030929 seconds 
========================================================================
Received Import Request.
  Time since last request: 0.000022 seconds.
  path: Assets/Polygonmaker/Polygonmaker Animations/Undead/Anim_Zombie@run1_L_inplace.fbx
  artifactKey: Guid(8b6267d949ac65946915e133bf77a5eb) Importer(815301076,1909f56bfc062723c751e8b465ee728b)
Start importing Assets/Polygonmaker/Polygonmaker Animations/Undead/Anim_Zombie@run1_L_inplace.fbx using Guid(8b6267d949ac65946915e133bf77a5eb) Importer(815301076,1909f56bfc062723c751e8b465ee728b)  -> (artifact id: 'e27823e01c8195eddfe674402a8d24b3') in 0.026110 seconds 
========================================================================
Received Import Request.
  Time since last request: 0.000021 seconds.
  path: Assets/Nokobot/Modern Guns - Handgun/Meshes/45ACP Bullet.fbx
  artifactKey: Guid(1319cfeb42068a446bc5d43ef1562670) Importer(815301076,1909f56bfc062723c751e8b465ee728b)
Start importing Assets/Nokobot/Modern Guns - Handgun/Meshes/45ACP Bullet.fbx using Guid(1319cfeb42068a446bc5d43ef1562670) Importer(815301076,1909f56bfc062723c751e8b465ee728b)  -> (artifact id: '76bd35f42c8efb537412d947377c7999') in 0.029133 seconds 
========================================================================
Received Import Request.
  Time since last request: 0.000013 seconds.
  path: Assets/ScifiFacility/Prefabs/furniture/chair_03.prefab
  artifactKey: Guid(22ab0f660b931294f888b16d6374d1fd) Importer(815301076,1909f56bfc062723c751e8b465ee728b)
Start importing Assets/ScifiFacility/Prefabs/furniture/chair_03.prefab using Guid(22ab0f660b931294f888b16d6374d1fd) Importer(815301076,1909f56bfc062723c751e8b465ee728b)  -> (artifact id: '43fbcbfdd9670060418ce5eaf6c8e163') in 0.182560 seconds 
========================================================================
Received Import Request.
  Time since last request: 0.000018 seconds.
  path: Assets/WarehouseConstructionSet/Prefabs/Props_interior/big_shelf_floor_small 1.prefab
  artifactKey: Guid(8471812a06535ad429c65f35453cfcc6) Importer(815301076,1909f56bfc062723c751e8b465ee728b)
Start importing Assets/WarehouseConstructionSet/Prefabs/Props_interior/big_shelf_floor_small 1.prefab using Guid(8471812a06535ad429c65f35453cfcc6) Importer(815301076,1909f56bfc062723c751e8b465ee728b)  -> (artifact id: '5d687d09ab2b1605f023c82f9b9f77c7') in 0.124415 seconds 
========================================================================
Received Import Request.
  Time since last request: 0.000023 seconds.
  path: Assets/ScifiFacility/Materials/_ExampleMats/Theme_3/Base_Color_13.mat
  artifactKey: Guid(ddf615b51b75c4d54ac3c745326edf59) Importer(815301076,1909f56bfc062723c751e8b465ee728b)
Start importing Assets/ScifiFacility/Materials/_ExampleMats/Theme_3/Base_Color_13.mat using Guid(ddf615b51b75c4d54ac3c745326edf59) Importer(815301076,1909f56bfc062723c751e8b465ee728b)  -> (artifact id: '8fdfd2f5e6df8a38470adaafc06e0619') in 0.052045 seconds 
========================================================================
Received Import Request.
  Time since last request: 0.000013 seconds.
  path: Assets/ScifiFacility/Models/props/box_01.fbx
  artifactKey: Guid(3ca63e03d5a8d10478b8da6a8f64aaa1) Importer(815301076,1909f56bfc062723c751e8b465ee728b)
Start importing Assets/ScifiFacility/Models/props/box_01.fbx using Guid(3ca63e03d5a8d10478b8da6a8f64aaa1) Importer(815301076,1909f56bfc062723c751e8b465ee728b)  -> (artifact id: 'f58741d20d25a1b445170b03aedc169e') in 0.069215 seconds 
========================================================================
Received Import Request.
  Time since last request: 51.251536 seconds.
  path: Assets/Zombie/Animations/Zombie@Z_Walk.FBX
  artifactKey: Guid(59dbfb66512f63c4eb6e1e30e0603198) Importer(815301076,1909f56bfc062723c751e8b465ee728b)
Start importing Assets/Zombie/Animations/Zombie@Z_Walk.FBX using Guid(59dbfb66512f63c4eb6e1e30e0603198) Importer(815301076,1909f56bfc062723c751e8b465ee728b)  -> (artifact id: '287eea30df0cdc5af4618eb187b0be79') in 0.186142 seconds 
Editor requested this worker to shutdown with reason: Scaling down because of idle timeout
AssetImportWorker is now disconnected from the server
Process exiting
Exiting without the bug reporter. Application will terminate with return code 0